2021-12-17 20:34:11,672 INFO com.heiya.mobileapi.HeiyaCustomerApplication [main] Starting HeiyaCustomerApplication on DESKTOP-I9M858L with PID 13892 (C:\Users\Khanza\Documents\NetBeansProjects\heiyacustomerapi\target\classes started by Khanza in C:\Users\Khanza\Documents\NetBeansProjects\heiyacustomerapi)
2021-12-17 20:34:11,682 DEBUG com.heiya.mobileapi.HeiyaCustomerApplication [main] Running with Spring Boot v2.2.5.RELEASE, Spring v5.2.4.RELEASE
2021-12-17 20:34:11,682 INFO com.heiya.mobileapi.HeiyaCustomerApplication [main] No active profile set, falling back to default profiles: default
2021-12-17 20:34:13,061 INFO org.springframework.data.repository.config.RepositoryConfigurationDelegate [main] Bootstrapping Spring Data JPA repositories in DEFAULT mode.
2021-12-17 20:34:13,270 INFO org.springframework.data.repository.config.RepositoryConfigurationDelegate [main] Finished Spring Data repository scanning in 195ms. Found 12 JPA repository interfaces.
2021-12-17 20:34:14,445 INFO org.springframework.boot.web.embedded.tomcat.TomcatWebServer [main] Tomcat initialized with port(s): 8083 (https)
2021-12-17 20:34:14,595 INFO org.springframework.web.context.ContextLoader [main] Root WebApplicationContext: initialization completed in 2832 ms
2021-12-17 20:34:16,598 INFO org.springframework.orm.jpa.LocalContainerEntityManagerFactoryBean [main] Initialized JPA EntityManagerFactory for persistence unit 'default'
2021-12-17 20:34:17,590 WARN org.springframework.boot.autoconfigure.orm.jpa.JpaBaseConfiguration$JpaWebConfiguration [main] spring.jpa.open-in-view is enabled by default. Therefore, database queries may be performed during view rendering. Explicitly configure spring.jpa.open-in-view to disable this warning
2021-12-17 20:34:18,286 INFO com.heiya.mobileapi.firebase.service.FCMInitializer [main] Firebase application has been initialized
2021-12-17 20:34:18,906 INFO com.heiya.mobileapi.config.SchedulerConfig [main] simpleJobTrigger
2021-12-17 20:34:18,928 INFO com.heiya.mobileapi.config.SchedulerConfig [main] 

>>>> Starting Jobs.... 


2021-12-17 20:34:19,132 INFO org.springframework.security.web.DefaultSecurityFilterChain [main] Creating filter chain: Ant [pattern='/v1/payment/xendit/status/callback'], []
2021-12-17 20:34:19,132 INFO org.springframework.security.web.DefaultSecurityFilterChain [main] Creating filter chain: Ant [pattern='/v1/payment/dana/status/callback'], []
2021-12-17 20:34:19,132 INFO org.springframework.security.web.DefaultSecurityFilterChain [main] Creating filter chain: Ant [pattern='/v1/payment/linkaja/status/callback'], []
2021-12-17 20:34:19,133 INFO org.springframework.security.web.DefaultSecurityFilterChain [main] Creating filter chain: Ant [pattern='/v1/payment/gopay/status/callback'], []
2021-12-17 20:34:19,195 INFO org.springframework.security.web.DefaultSecurityFilterChain [main] Creating filter chain: any request, [org.springframework.security.web.context.request.async.WebAsyncManagerIntegrationFilter@1e3dc24f, org.springframework.security.web.context.SecurityContextPersistenceFilter@44da745f, org.springframework.security.web.header.HeaderWriterFilter@7d483ebe, org.springframework.security.web.authentication.logout.LogoutFilter@6a3a56de, org.springframework.security.web.authentication.www.BasicAuthenticationFilter@3d7caf9c, org.springframework.security.web.savedrequest.RequestCacheAwareFilter@574f9e36, org.springframework.security.web.servletapi.SecurityContextHolderAwareRequestFilter@30437e9c, org.springframework.security.web.authentication.AnonymousAuthenticationFilter@3ea8ff31, org.springframework.security.web.session.SessionManagementFilter@6b630d4b, org.springframework.security.web.access.ExceptionTranslationFilter@afb7b03, org.springframework.security.web.access.intercept.FilterSecurityInterceptor@5af56240]
2021-12-17 20:34:20,255 INFO org.springframework.scheduling.quartz.SchedulerFactoryBean [main] Starting Quartz Scheduler now
2021-12-17 20:34:21,336 INFO org.springframework.boot.web.embedded.tomcat.TomcatWebServer [main] Tomcat started on port(s): 8083 (https) with context path ''
2021-12-17 20:34:21,339 INFO com.heiya.mobileapi.HeiyaCustomerApplication [main] Started HeiyaCustomerApplication in 10.406 seconds (JVM running for 10.987)
2021-12-17 20:34:21,340 INFO com.heiya.mobileapi.HeiyaCustomerApplication [main] C:\Program Files\Java\jdk1.8.0_291\jre
2021-12-17 20:39:10,057 ERROR com.heiya.mobileapi.payment.service.PaymentServiceImpl [heiyamobile-api-quartz-job_Worker-3] null
2021-12-17 20:39:10,059 ERROR com.heiya.mobileapi.payment.controller.PaymentController [heiyamobile-api-quartz-job_Worker-3] null
java.lang.NullPointerException: null
	at com.heiya.mobileapi.payment.controller.PaymentController.doCheckTransactionStatusNotification(PaymentController.java:485)
	at com.heiya.mobileapi.job.PickupOrderJob.execute(PickupOrderJob.java:39)
	at org.quartz.core.JobRunShell.run(JobRunShell.java:202)
	at org.quartz.simpl.SimpleThreadPool$WorkerThread.run(SimpleThreadPool.java:573)
2021-12-17 20:39:13,010 ERROR com.heiya.mobileapi.payment.service.PaymentServiceImpl [heiyamobile-api-quartz-job_Worker-4] null
2021-12-17 20:39:13,011 ERROR com.heiya.mobileapi.payment.controller.PaymentController [heiyamobile-api-quartz-job_Worker-4] null
java.lang.NullPointerException: null
	at com.heiya.mobileapi.payment.controller.PaymentController.doCheckTransactionStatusNotification(PaymentController.java:485)
	at com.heiya.mobileapi.job.PickupOrderJob.execute(PickupOrderJob.java:39)
	at org.quartz.core.JobRunShell.run(JobRunShell.java:202)
	at org.quartz.simpl.SimpleThreadPool$WorkerThread.run(SimpleThreadPool.java:573)
2021-12-17 20:39:15,999 ERROR com.heiya.mobileapi.payment.service.PaymentServiceImpl [heiyamobile-api-quartz-job_Worker-5] null
2021-12-17 20:39:15,999 ERROR com.heiya.mobileapi.payment.controller.PaymentController [heiyamobile-api-quartz-job_Worker-5] null
java.lang.NullPointerException: null
	at com.heiya.mobileapi.payment.controller.PaymentController.doCheckTransactionStatusNotification(PaymentController.java:485)
	at com.heiya.mobileapi.job.PickupOrderJob.execute(PickupOrderJob.java:39)
	at org.quartz.core.JobRunShell.run(JobRunShell.java:202)
	at org.quartz.simpl.SimpleThreadPool$WorkerThread.run(SimpleThreadPool.java:573)
2021-12-17 20:39:19,011 ERROR com.heiya.mobileapi.payment.service.PaymentServiceImpl [heiyamobile-api-quartz-job_Worker-1] null
2021-12-17 20:39:19,012 ERROR com.heiya.mobileapi.payment.controller.PaymentController [heiyamobile-api-quartz-job_Worker-1] null
java.lang.NullPointerException: null
	at com.heiya.mobileapi.payment.controller.PaymentController.doCheckTransactionStatusNotification(PaymentController.java:485)
	at com.heiya.mobileapi.job.PickupOrderJob.execute(PickupOrderJob.java:39)
	at org.quartz.core.JobRunShell.run(JobRunShell.java:202)
	at org.quartz.simpl.SimpleThreadPool$WorkerThread.run(SimpleThreadPool.java:573)
2021-12-17 20:39:22,010 ERROR com.heiya.mobileapi.payment.service.PaymentServiceImpl [heiyamobile-api-quartz-job_Worker-2] null
2021-12-17 20:39:22,010 ERROR com.heiya.mobileapi.payment.controller.PaymentController [heiyamobile-api-quartz-job_Worker-2] null
java.lang.NullPointerException: null
	at com.heiya.mobileapi.payment.controller.PaymentController.doCheckTransactionStatusNotification(PaymentController.java:485)
	at com.heiya.mobileapi.job.PickupOrderJob.execute(PickupOrderJob.java:39)
	at org.quartz.core.JobRunShell.run(JobRunShell.java:202)
	at org.quartz.simpl.SimpleThreadPool$WorkerThread.run(SimpleThreadPool.java:573)
2021-12-17 20:39:25,012 ERROR com.heiya.mobileapi.payment.service.PaymentServiceImpl [heiyamobile-api-quartz-job_Worker-3] null
2021-12-17 20:39:25,012 ERROR com.heiya.mobileapi.payment.controller.PaymentController [heiyamobile-api-quartz-job_Worker-3] null
java.lang.NullPointerException: null
	at com.heiya.mobileapi.payment.controller.PaymentController.doCheckTransactionStatusNotification(PaymentController.java:485)
	at com.heiya.mobileapi.job.PickupOrderJob.execute(PickupOrderJob.java:39)
	at org.quartz.core.JobRunShell.run(JobRunShell.java:202)
	at org.quartz.simpl.SimpleThreadPool$WorkerThread.run(SimpleThreadPool.java:573)
2021-12-17 20:39:28,009 ERROR com.heiya.mobileapi.payment.service.PaymentServiceImpl [heiyamobile-api-quartz-job_Worker-4] null
2021-12-17 20:39:28,009 ERROR com.heiya.mobileapi.payment.controller.PaymentController [heiyamobile-api-quartz-job_Worker-4] null
java.lang.NullPointerException: null
	at com.heiya.mobileapi.payment.controller.PaymentController.doCheckTransactionStatusNotification(PaymentController.java:485)
	at com.heiya.mobileapi.job.PickupOrderJob.execute(PickupOrderJob.java:39)
	at org.quartz.core.JobRunShell.run(JobRunShell.java:202)
	at org.quartz.simpl.SimpleThreadPool$WorkerThread.run(SimpleThreadPool.java:573)
2021-12-17 20:39:31,002 ERROR com.heiya.mobileapi.payment.service.PaymentServiceImpl [heiyamobile-api-quartz-job_Worker-5] null
2021-12-17 20:39:31,003 ERROR com.heiya.mobileapi.payment.controller.PaymentController [heiyamobile-api-quartz-job_Worker-5] null
java.lang.NullPointerException: null
	at com.heiya.mobileapi.payment.controller.PaymentController.doCheckTransactionStatusNotification(PaymentController.java:485)
	at com.heiya.mobileapi.job.PickupOrderJob.execute(PickupOrderJob.java:39)
	at org.quartz.core.JobRunShell.run(JobRunShell.java:202)
	at org.quartz.simpl.SimpleThreadPool$WorkerThread.run(SimpleThreadPool.java:573)
2021-12-17 20:39:33,996 ERROR com.heiya.mobileapi.payment.service.PaymentServiceImpl [heiyamobile-api-quartz-job_Worker-1] null
2021-12-17 20:39:33,996 ERROR com.heiya.mobileapi.payment.controller.PaymentController [heiyamobile-api-quartz-job_Worker-1] null
java.lang.NullPointerException: null
	at com.heiya.mobileapi.payment.controller.PaymentController.doCheckTransactionStatusNotification(PaymentController.java:485)
	at com.heiya.mobileapi.job.PickupOrderJob.execute(PickupOrderJob.java:39)
	at org.quartz.core.JobRunShell.run(JobRunShell.java:202)
	at org.quartz.simpl.SimpleThreadPool$WorkerThread.run(SimpleThreadPool.java:573)
2021-12-17 20:39:37,014 ERROR com.heiya.mobileapi.payment.service.PaymentServiceImpl [heiyamobile-api-quartz-job_Worker-2] null
2021-12-17 20:39:37,014 ERROR com.heiya.mobileapi.payment.controller.PaymentController [heiyamobile-api-quartz-job_Worker-2] null
java.lang.NullPointerException: null
	at com.heiya.mobileapi.payment.controller.PaymentController.doCheckTransactionStatusNotification(PaymentController.java:485)
	at com.heiya.mobileapi.job.PickupOrderJob.execute(PickupOrderJob.java:39)
	at org.quartz.core.JobRunShell.run(JobRunShell.java:202)
	at org.quartz.simpl.SimpleThreadPool$WorkerThread.run(SimpleThreadPool.java:573)
2021-12-17 20:39:40,011 ERROR com.heiya.mobileapi.payment.service.PaymentServiceImpl [heiyamobile-api-quartz-job_Worker-3] null
2021-12-17 20:39:40,012 ERROR com.heiya.mobileapi.payment.controller.PaymentController [heiyamobile-api-quartz-job_Worker-3] null
java.lang.NullPointerException: null
	at com.heiya.mobileapi.payment.controller.PaymentController.doCheckTransactionStatusNotification(PaymentController.java:485)
	at com.heiya.mobileapi.job.PickupOrderJob.execute(PickupOrderJob.java:39)
	at org.quartz.core.JobRunShell.run(JobRunShell.java:202)
	at org.quartz.simpl.SimpleThreadPool$WorkerThread.run(SimpleThreadPool.java:573)
2021-12-17 20:39:43,012 ERROR com.heiya.mobileapi.payment.service.PaymentServiceImpl [heiyamobile-api-quartz-job_Worker-4] null
2021-12-17 20:39:43,013 ERROR com.heiya.mobileapi.payment.controller.PaymentController [heiyamobile-api-quartz-job_Worker-4] null
java.lang.NullPointerException: null
	at com.heiya.mobileapi.payment.controller.PaymentController.doCheckTransactionStatusNotification(PaymentController.java:485)
	at com.heiya.mobileapi.job.PickupOrderJob.execute(PickupOrderJob.java:39)
	at org.quartz.core.JobRunShell.run(JobRunShell.java:202)
	at org.quartz.simpl.SimpleThreadPool$WorkerThread.run(SimpleThreadPool.java:573)
2021-12-17 20:39:46,013 ERROR com.heiya.mobileapi.payment.service.PaymentServiceImpl [heiyamobile-api-quartz-job_Worker-5] null
2021-12-17 20:39:46,013 ERROR com.heiya.mobileapi.payment.controller.PaymentController [heiyamobile-api-quartz-job_Worker-5] null
java.lang.NullPointerException: null
	at com.heiya.mobileapi.payment.controller.PaymentController.doCheckTransactionStatusNotification(PaymentController.java:485)
	at com.heiya.mobileapi.job.PickupOrderJob.execute(PickupOrderJob.java:39)
	at org.quartz.core.JobRunShell.run(JobRunShell.java:202)
	at org.quartz.simpl.SimpleThreadPool$WorkerThread.run(SimpleThreadPool.java:573)
2021-12-17 20:39:49,075 ERROR org.hibernate.engine.jdbc.spi.SqlExceptionHelper [heiyamobile-api-quartz-job_Worker-1] Table 'hwcustomerserverapi_db.global_configs' doesn't exist
2021-12-17 20:39:49,078 ERROR com.heiya.mobileapi.payment.service.PaymentServiceImpl [heiyamobile-api-quartz-job_Worker-1] could not extract ResultSet; SQL [n/a]; nested exception is org.hibernate.exception.SQLGrammarException: could not extract ResultSet
2021-12-17 20:39:49,078 ERROR com.heiya.mobileapi.payment.controller.PaymentController [heiyamobile-api-quartz-job_Worker-1] null
java.lang.NullPointerException: null
	at com.heiya.mobileapi.payment.controller.PaymentController.doCheckTransactionStatusNotification(PaymentController.java:485)
	at com.heiya.mobileapi.job.PickupOrderJob.execute(PickupOrderJob.java:39)
	at org.quartz.core.JobRunShell.run(JobRunShell.java:202)
	at org.quartz.simpl.SimpleThreadPool$WorkerThread.run(SimpleThreadPool.java:573)
2021-12-17 20:39:52,016 ERROR org.hibernate.engine.jdbc.spi.SqlExceptionHelper [heiyamobile-api-quartz-job_Worker-2] Table 'hwcustomerserverapi_db.global_configs' doesn't exist
2021-12-17 20:39:52,017 ERROR com.heiya.mobileapi.payment.service.PaymentServiceImpl [heiyamobile-api-quartz-job_Worker-2] could not extract ResultSet; SQL [n/a]; nested exception is org.hibernate.exception.SQLGrammarException: could not extract ResultSet
2021-12-17 20:39:52,017 ERROR com.heiya.mobileapi.payment.controller.PaymentController [heiyamobile-api-quartz-job_Worker-2] null
java.lang.NullPointerException: null
	at com.heiya.mobileapi.payment.controller.PaymentController.doCheckTransactionStatusNotification(PaymentController.java:485)
	at com.heiya.mobileapi.job.PickupOrderJob.execute(PickupOrderJob.java:39)
	at org.quartz.core.JobRunShell.run(JobRunShell.java:202)
	at org.quartz.simpl.SimpleThreadPool$WorkerThread.run(SimpleThreadPool.java:573)
2021-12-17 20:39:55,011 ERROR org.hibernate.engine.jdbc.spi.SqlExceptionHelper [heiyamobile-api-quartz-job_Worker-3] Table 'hwcustomerserverapi_db.global_configs' doesn't exist
2021-12-17 20:39:55,011 ERROR com.heiya.mobileapi.payment.service.PaymentServiceImpl [heiyamobile-api-quartz-job_Worker-3] could not extract ResultSet; SQL [n/a]; nested exception is org.hibernate.exception.SQLGrammarException: could not extract ResultSet
2021-12-17 20:39:55,012 ERROR com.heiya.mobileapi.payment.controller.PaymentController [heiyamobile-api-quartz-job_Worker-3] null
java.lang.NullPointerException: null
	at com.heiya.mobileapi.payment.controller.PaymentController.doCheckTransactionStatusNotification(PaymentController.java:485)
	at com.heiya.mobileapi.job.PickupOrderJob.execute(PickupOrderJob.java:39)
	at org.quartz.core.JobRunShell.run(JobRunShell.java:202)
	at org.quartz.simpl.SimpleThreadPool$WorkerThread.run(SimpleThreadPool.java:573)
2021-12-17 20:39:58,011 ERROR org.hibernate.engine.jdbc.spi.SqlExceptionHelper [heiyamobile-api-quartz-job_Worker-4] Table 'hwcustomerserverapi_db.global_configs' doesn't exist
2021-12-17 20:39:58,012 ERROR com.heiya.mobileapi.payment.service.PaymentServiceImpl [heiyamobile-api-quartz-job_Worker-4] could not extract ResultSet; SQL [n/a]; nested exception is org.hibernate.exception.SQLGrammarException: could not extract ResultSet
2021-12-17 20:39:58,012 ERROR com.heiya.mobileapi.payment.controller.PaymentController [heiyamobile-api-quartz-job_Worker-4] null
java.lang.NullPointerException: null
	at com.heiya.mobileapi.payment.controller.PaymentController.doCheckTransactionStatusNotification(PaymentController.java:485)
	at com.heiya.mobileapi.job.PickupOrderJob.execute(PickupOrderJob.java:39)
	at org.quartz.core.JobRunShell.run(JobRunShell.java:202)
	at org.quartz.simpl.SimpleThreadPool$WorkerThread.run(SimpleThreadPool.java:573)
2021-12-17 20:40:01,011 ERROR org.hibernate.engine.jdbc.spi.SqlExceptionHelper [heiyamobile-api-quartz-job_Worker-5] Table 'hwcustomerserverapi_db.global_configs' doesn't exist
2021-12-17 20:40:01,011 ERROR com.heiya.mobileapi.payment.service.PaymentServiceImpl [heiyamobile-api-quartz-job_Worker-5] could not extract ResultSet; SQL [n/a]; nested exception is org.hibernate.exception.SQLGrammarException: could not extract ResultSet
2021-12-17 20:40:01,011 ERROR com.heiya.mobileapi.payment.controller.PaymentController [heiyamobile-api-quartz-job_Worker-5] null
java.lang.NullPointerException: null
	at com.heiya.mobileapi.payment.controller.PaymentController.doCheckTransactionStatusNotification(PaymentController.java:485)
	at com.heiya.mobileapi.job.PickupOrderJob.execute(PickupOrderJob.java:39)
	at org.quartz.core.JobRunShell.run(JobRunShell.java:202)
	at org.quartz.simpl.SimpleThreadPool$WorkerThread.run(SimpleThreadPool.java:573)
2021-12-17 20:40:04,015 ERROR org.hibernate.engine.jdbc.spi.SqlExceptionHelper [heiyamobile-api-quartz-job_Worker-1] Table 'hwcustomerserverapi_db.global_configs' doesn't exist
2021-12-17 20:40:04,016 ERROR com.heiya.mobileapi.payment.service.PaymentServiceImpl [heiyamobile-api-quartz-job_Worker-1] could not extract ResultSet; SQL [n/a]; nested exception is org.hibernate.exception.SQLGrammarException: could not extract ResultSet
2021-12-17 20:40:04,016 ERROR com.heiya.mobileapi.payment.controller.PaymentController [heiyamobile-api-quartz-job_Worker-1] null
java.lang.NullPointerException: null
	at com.heiya.mobileapi.payment.controller.PaymentController.doCheckTransactionStatusNotification(PaymentController.java:485)
	at com.heiya.mobileapi.job.PickupOrderJob.execute(PickupOrderJob.java:39)
	at org.quartz.core.JobRunShell.run(JobRunShell.java:202)
	at org.quartz.simpl.SimpleThreadPool$WorkerThread.run(SimpleThreadPool.java:573)
2021-12-17 20:40:07,011 ERROR org.hibernate.engine.jdbc.spi.SqlExceptionHelper [heiyamobile-api-quartz-job_Worker-2] Table 'hwcustomerserverapi_db.global_configs' doesn't exist
2021-12-17 20:40:07,011 ERROR com.heiya.mobileapi.payment.service.PaymentServiceImpl [heiyamobile-api-quartz-job_Worker-2] could not extract ResultSet; SQL [n/a]; nested exception is org.hibernate.exception.SQLGrammarException: could not extract ResultSet
2021-12-17 20:40:07,011 ERROR com.heiya.mobileapi.payment.controller.PaymentController [heiyamobile-api-quartz-job_Worker-2] null
java.lang.NullPointerException: null
	at com.heiya.mobileapi.payment.controller.PaymentController.doCheckTransactionStatusNotification(PaymentController.java:485)
	at com.heiya.mobileapi.job.PickupOrderJob.execute(PickupOrderJob.java:39)
	at org.quartz.core.JobRunShell.run(JobRunShell.java:202)
	at org.quartz.simpl.SimpleThreadPool$WorkerThread.run(SimpleThreadPool.java:573)
2021-12-17 20:40:10,022 ERROR org.hibernate.engine.jdbc.spi.SqlExceptionHelper [heiyamobile-api-quartz-job_Worker-3] Table 'hwcustomerserverapi_db.global_configs' doesn't exist
2021-12-17 20:40:10,022 ERROR com.heiya.mobileapi.payment.service.PaymentServiceImpl [heiyamobile-api-quartz-job_Worker-3] could not extract ResultSet; SQL [n/a]; nested exception is org.hibernate.exception.SQLGrammarException: could not extract ResultSet
2021-12-17 20:40:10,022 ERROR com.heiya.mobileapi.payment.controller.PaymentController [heiyamobile-api-quartz-job_Worker-3] null
java.lang.NullPointerException: null
	at com.heiya.mobileapi.payment.controller.PaymentController.doCheckTransactionStatusNotification(PaymentController.java:485)
	at com.heiya.mobileapi.job.PickupOrderJob.execute(PickupOrderJob.java:39)
	at org.quartz.core.JobRunShell.run(JobRunShell.java:202)
	at org.quartz.simpl.SimpleThreadPool$WorkerThread.run(SimpleThreadPool.java:573)
2021-12-17 20:40:13,011 ERROR org.hibernate.engine.jdbc.spi.SqlExceptionHelper [heiyamobile-api-quartz-job_Worker-4] Table 'hwcustomerserverapi_db.global_configs' doesn't exist
2021-12-17 20:40:13,011 ERROR com.heiya.mobileapi.payment.service.PaymentServiceImpl [heiyamobile-api-quartz-job_Worker-4] could not extract ResultSet; SQL [n/a]; nested exception is org.hibernate.exception.SQLGrammarException: could not extract ResultSet
2021-12-17 20:40:13,012 ERROR com.heiya.mobileapi.payment.controller.PaymentController [heiyamobile-api-quartz-job_Worker-4] null
java.lang.NullPointerException: null
	at com.heiya.mobileapi.payment.controller.PaymentController.doCheckTransactionStatusNotification(PaymentController.java:485)
	at com.heiya.mobileapi.job.PickupOrderJob.execute(PickupOrderJob.java:39)
	at org.quartz.core.JobRunShell.run(JobRunShell.java:202)
	at org.quartz.simpl.SimpleThreadPool$WorkerThread.run(SimpleThreadPool.java:573)
2021-12-17 20:40:16,012 ERROR org.hibernate.engine.jdbc.spi.SqlExceptionHelper [heiyamobile-api-quartz-job_Worker-5] Table 'hwcustomerserverapi_db.global_configs' doesn't exist
2021-12-17 20:40:16,012 ERROR com.heiya.mobileapi.payment.service.PaymentServiceImpl [heiyamobile-api-quartz-job_Worker-5] could not extract ResultSet; SQL [n/a]; nested exception is org.hibernate.exception.SQLGrammarException: could not extract ResultSet
2021-12-17 20:40:16,012 ERROR com.heiya.mobileapi.payment.controller.PaymentController [heiyamobile-api-quartz-job_Worker-5] null
java.lang.NullPointerException: null
	at com.heiya.mobileapi.payment.controller.PaymentController.doCheckTransactionStatusNotification(PaymentController.java:485)
	at com.heiya.mobileapi.job.PickupOrderJob.execute(PickupOrderJob.java:39)
	at org.quartz.core.JobRunShell.run(JobRunShell.java:202)
	at org.quartz.simpl.SimpleThreadPool$WorkerThread.run(SimpleThreadPool.java:573)
2021-12-17 20:40:19,012 ERROR org.hibernate.engine.jdbc.spi.SqlExceptionHelper [heiyamobile-api-quartz-job_Worker-1] Table 'hwcustomerserverapi_db.global_configs' doesn't exist
2021-12-17 20:40:19,012 ERROR com.heiya.mobileapi.payment.service.PaymentServiceImpl [heiyamobile-api-quartz-job_Worker-1] could not extract ResultSet; SQL [n/a]; nested exception is org.hibernate.exception.SQLGrammarException: could not extract ResultSet
2021-12-17 20:40:19,013 ERROR com.heiya.mobileapi.payment.controller.PaymentController [heiyamobile-api-quartz-job_Worker-1] null
java.lang.NullPointerException: null
	at com.heiya.mobileapi.payment.controller.PaymentController.doCheckTransactionStatusNotification(PaymentController.java:485)
	at com.heiya.mobileapi.job.PickupOrderJob.execute(PickupOrderJob.java:39)
	at org.quartz.core.JobRunShell.run(JobRunShell.java:202)
	at org.quartz.simpl.SimpleThreadPool$WorkerThread.run(SimpleThreadPool.java:573)
2021-12-17 20:40:22,011 ERROR org.hibernate.engine.jdbc.spi.SqlExceptionHelper [heiyamobile-api-quartz-job_Worker-2] Table 'hwcustomerserverapi_db.global_configs' doesn't exist
2021-12-17 20:40:22,011 ERROR com.heiya.mobileapi.payment.service.PaymentServiceImpl [heiyamobile-api-quartz-job_Worker-2] could not extract ResultSet; SQL [n/a]; nested exception is org.hibernate.exception.SQLGrammarException: could not extract ResultSet
2021-12-17 20:40:22,011 ERROR com.heiya.mobileapi.payment.controller.PaymentController [heiyamobile-api-quartz-job_Worker-2] null
java.lang.NullPointerException: null
	at com.heiya.mobileapi.payment.controller.PaymentController.doCheckTransactionStatusNotification(PaymentController.java:485)
	at com.heiya.mobileapi.job.PickupOrderJob.execute(PickupOrderJob.java:39)
	at org.quartz.core.JobRunShell.run(JobRunShell.java:202)
	at org.quartz.simpl.SimpleThreadPool$WorkerThread.run(SimpleThreadPool.java:573)
2021-12-17 20:40:25,009 ERROR org.hibernate.engine.jdbc.spi.SqlExceptionHelper [heiyamobile-api-quartz-job_Worker-3] Table 'hwcustomerserverapi_db.global_configs' doesn't exist
2021-12-17 20:40:25,010 ERROR com.heiya.mobileapi.payment.service.PaymentServiceImpl [heiyamobile-api-quartz-job_Worker-3] could not extract ResultSet; SQL [n/a]; nested exception is org.hibernate.exception.SQLGrammarException: could not extract ResultSet
2021-12-17 20:40:25,010 ERROR com.heiya.mobileapi.payment.controller.PaymentController [heiyamobile-api-quartz-job_Worker-3] null
java.lang.NullPointerException: null
	at com.heiya.mobileapi.payment.controller.PaymentController.doCheckTransactionStatusNotification(PaymentController.java:485)
	at com.heiya.mobileapi.job.PickupOrderJob.execute(PickupOrderJob.java:39)
	at org.quartz.core.JobRunShell.run(JobRunShell.java:202)
	at org.quartz.simpl.SimpleThreadPool$WorkerThread.run(SimpleThreadPool.java:573)
2021-12-17 20:40:28,011 ERROR org.hibernate.engine.jdbc.spi.SqlExceptionHelper [heiyamobile-api-quartz-job_Worker-4] Table 'hwcustomerserverapi_db.global_configs' doesn't exist
2021-12-17 20:40:28,011 ERROR com.heiya.mobileapi.payment.service.PaymentServiceImpl [heiyamobile-api-quartz-job_Worker-4] could not extract ResultSet; SQL [n/a]; nested exception is org.hibernate.exception.SQLGrammarException: could not extract ResultSet
2021-12-17 20:40:28,011 ERROR com.heiya.mobileapi.payment.controller.PaymentController [heiyamobile-api-quartz-job_Worker-4] null
java.lang.NullPointerException: null
	at com.heiya.mobileapi.payment.controller.PaymentController.doCheckTransactionStatusNotification(PaymentController.java:485)
	at com.heiya.mobileapi.job.PickupOrderJob.execute(PickupOrderJob.java:39)
	at org.quartz.core.JobRunShell.run(JobRunShell.java:202)
	at org.quartz.simpl.SimpleThreadPool$WorkerThread.run(SimpleThreadPool.java:573)
2021-12-17 20:40:31,014 ERROR org.hibernate.engine.jdbc.spi.SqlExceptionHelper [heiyamobile-api-quartz-job_Worker-5] Table 'hwcustomerserverapi_db.global_configs' doesn't exist
2021-12-17 20:40:31,015 ERROR com.heiya.mobileapi.payment.service.PaymentServiceImpl [heiyamobile-api-quartz-job_Worker-5] could not extract ResultSet; SQL [n/a]; nested exception is org.hibernate.exception.SQLGrammarException: could not extract ResultSet
2021-12-17 20:40:31,015 ERROR com.heiya.mobileapi.payment.controller.PaymentController [heiyamobile-api-quartz-job_Worker-5] null
java.lang.NullPointerException: null
	at com.heiya.mobileapi.payment.controller.PaymentController.doCheckTransactionStatusNotification(PaymentController.java:485)
	at com.heiya.mobileapi.job.PickupOrderJob.execute(PickupOrderJob.java:39)
	at org.quartz.core.JobRunShell.run(JobRunShell.java:202)
	at org.quartz.simpl.SimpleThreadPool$WorkerThread.run(SimpleThreadPool.java:573)
2021-12-17 20:40:34,011 ERROR org.hibernate.engine.jdbc.spi.SqlExceptionHelper [heiyamobile-api-quartz-job_Worker-1] Table 'hwcustomerserverapi_db.global_configs' doesn't exist
2021-12-17 20:40:34,011 ERROR com.heiya.mobileapi.payment.service.PaymentServiceImpl [heiyamobile-api-quartz-job_Worker-1] could not extract ResultSet; SQL [n/a]; nested exception is org.hibernate.exception.SQLGrammarException: could not extract ResultSet
2021-12-17 20:40:34,012 ERROR com.heiya.mobileapi.payment.controller.PaymentController [heiyamobile-api-quartz-job_Worker-1] null
java.lang.NullPointerException: null
	at com.heiya.mobileapi.payment.controller.PaymentController.doCheckTransactionStatusNotification(PaymentController.java:485)
	at com.heiya.mobileapi.job.PickupOrderJob.execute(PickupOrderJob.java:39)
	at org.quartz.core.JobRunShell.run(JobRunShell.java:202)
	at org.quartz.simpl.SimpleThreadPool$WorkerThread.run(SimpleThreadPool.java:573)
2021-12-17 20:40:37,012 ERROR org.hibernate.engine.jdbc.spi.SqlExceptionHelper [heiyamobile-api-quartz-job_Worker-2] Table 'hwcustomerserverapi_db.global_configs' doesn't exist
2021-12-17 20:40:37,013 ERROR com.heiya.mobileapi.payment.service.PaymentServiceImpl [heiyamobile-api-quartz-job_Worker-2] could not extract ResultSet; SQL [n/a]; nested exception is org.hibernate.exception.SQLGrammarException: could not extract ResultSet
2021-12-17 20:40:37,013 ERROR com.heiya.mobileapi.payment.controller.PaymentController [heiyamobile-api-quartz-job_Worker-2] null
java.lang.NullPointerException: null
	at com.heiya.mobileapi.payment.controller.PaymentController.doCheckTransactionStatusNotification(PaymentController.java:485)
	at com.heiya.mobileapi.job.PickupOrderJob.execute(PickupOrderJob.java:39)
	at org.quartz.core.JobRunShell.run(JobRunShell.java:202)
	at org.quartz.simpl.SimpleThreadPool$WorkerThread.run(SimpleThreadPool.java:573)
2021-12-17 20:40:40,011 ERROR org.hibernate.engine.jdbc.spi.SqlExceptionHelper [heiyamobile-api-quartz-job_Worker-3] Table 'hwcustomerserverapi_db.global_configs' doesn't exist
2021-12-17 20:40:40,011 ERROR com.heiya.mobileapi.payment.service.PaymentServiceImpl [heiyamobile-api-quartz-job_Worker-3] could not extract ResultSet; SQL [n/a]; nested exception is org.hibernate.exception.SQLGrammarException: could not extract ResultSet
2021-12-17 20:40:40,012 ERROR com.heiya.mobileapi.payment.controller.PaymentController [heiyamobile-api-quartz-job_Worker-3] null
java.lang.NullPointerException: null
	at com.heiya.mobileapi.payment.controller.PaymentController.doCheckTransactionStatusNotification(PaymentController.java:485)
	at com.heiya.mobileapi.job.PickupOrderJob.execute(PickupOrderJob.java:39)
	at org.quartz.core.JobRunShell.run(JobRunShell.java:202)
	at org.quartz.simpl.SimpleThreadPool$WorkerThread.run(SimpleThreadPool.java:573)
2021-12-17 20:40:43,010 ERROR org.hibernate.engine.jdbc.spi.SqlExceptionHelper [heiyamobile-api-quartz-job_Worker-4] Table 'hwcustomerserverapi_db.global_configs' doesn't exist
2021-12-17 20:40:43,010 ERROR com.heiya.mobileapi.payment.service.PaymentServiceImpl [heiyamobile-api-quartz-job_Worker-4] could not extract ResultSet; SQL [n/a]; nested exception is org.hibernate.exception.SQLGrammarException: could not extract ResultSet
2021-12-17 20:40:43,010 ERROR com.heiya.mobileapi.payment.controller.PaymentController [heiyamobile-api-quartz-job_Worker-4] null
java.lang.NullPointerException: null
	at com.heiya.mobileapi.payment.controller.PaymentController.doCheckTransactionStatusNotification(PaymentController.java:485)
	at com.heiya.mobileapi.job.PickupOrderJob.execute(PickupOrderJob.java:39)
	at org.quartz.core.JobRunShell.run(JobRunShell.java:202)
	at org.quartz.simpl.SimpleThreadPool$WorkerThread.run(SimpleThreadPool.java:573)
2021-12-17 20:40:46,011 ERROR org.hibernate.engine.jdbc.spi.SqlExceptionHelper [heiyamobile-api-quartz-job_Worker-5] Table 'hwcustomerserverapi_db.global_configs' doesn't exist
2021-12-17 20:40:46,012 ERROR com.heiya.mobileapi.payment.service.PaymentServiceImpl [heiyamobile-api-quartz-job_Worker-5] could not extract ResultSet; SQL [n/a]; nested exception is org.hibernate.exception.SQLGrammarException: could not extract ResultSet
2021-12-17 20:40:46,012 ERROR com.heiya.mobileapi.payment.controller.PaymentController [heiyamobile-api-quartz-job_Worker-5] null
java.lang.NullPointerException: null
	at com.heiya.mobileapi.payment.controller.PaymentController.doCheckTransactionStatusNotification(PaymentController.java:485)
	at com.heiya.mobileapi.job.PickupOrderJob.execute(PickupOrderJob.java:39)
	at org.quartz.core.JobRunShell.run(JobRunShell.java:202)
	at org.quartz.simpl.SimpleThreadPool$WorkerThread.run(SimpleThreadPool.java:573)
2021-12-17 20:40:49,010 ERROR org.hibernate.engine.jdbc.spi.SqlExceptionHelper [heiyamobile-api-quartz-job_Worker-1] Table 'hwcustomerserverapi_db.global_configs' doesn't exist
2021-12-17 20:40:49,010 ERROR com.heiya.mobileapi.payment.service.PaymentServiceImpl [heiyamobile-api-quartz-job_Worker-1] could not extract ResultSet; SQL [n/a]; nested exception is org.hibernate.exception.SQLGrammarException: could not extract ResultSet
2021-12-17 20:40:49,010 ERROR com.heiya.mobileapi.payment.controller.PaymentController [heiyamobile-api-quartz-job_Worker-1] null
java.lang.NullPointerException: null
	at com.heiya.mobileapi.payment.controller.PaymentController.doCheckTransactionStatusNotification(PaymentController.java:485)
	at com.heiya.mobileapi.job.PickupOrderJob.execute(PickupOrderJob.java:39)
	at org.quartz.core.JobRunShell.run(JobRunShell.java:202)
	at org.quartz.simpl.SimpleThreadPool$WorkerThread.run(SimpleThreadPool.java:573)
2021-12-17 20:40:52,011 ERROR org.hibernate.engine.jdbc.spi.SqlExceptionHelper [heiyamobile-api-quartz-job_Worker-2] Table 'hwcustomerserverapi_db.global_configs' doesn't exist
2021-12-17 20:40:52,012 ERROR com.heiya.mobileapi.payment.service.PaymentServiceImpl [heiyamobile-api-quartz-job_Worker-2] could not extract ResultSet; SQL [n/a]; nested exception is org.hibernate.exception.SQLGrammarException: could not extract ResultSet
2021-12-17 20:40:52,012 ERROR com.heiya.mobileapi.payment.controller.PaymentController [heiyamobile-api-quartz-job_Worker-2] null
java.lang.NullPointerException: null
	at com.heiya.mobileapi.payment.controller.PaymentController.doCheckTransactionStatusNotification(PaymentController.java:485)
	at com.heiya.mobileapi.job.PickupOrderJob.execute(PickupOrderJob.java:39)
	at org.quartz.core.JobRunShell.run(JobRunShell.java:202)
	at org.quartz.simpl.SimpleThreadPool$WorkerThread.run(SimpleThreadPool.java:573)
2021-12-17 20:40:55,011 ERROR org.hibernate.engine.jdbc.spi.SqlExceptionHelper [heiyamobile-api-quartz-job_Worker-3] Table 'hwcustomerserverapi_db.global_configs' doesn't exist
2021-12-17 20:40:55,011 ERROR com.heiya.mobileapi.payment.service.PaymentServiceImpl [heiyamobile-api-quartz-job_Worker-3] could not extract ResultSet; SQL [n/a]; nested exception is org.hibernate.exception.SQLGrammarException: could not extract ResultSet
2021-12-17 20:40:55,011 ERROR com.heiya.mobileapi.payment.controller.PaymentController [heiyamobile-api-quartz-job_Worker-3] null
java.lang.NullPointerException: null
	at com.heiya.mobileapi.payment.controller.PaymentController.doCheckTransactionStatusNotification(PaymentController.java:485)
	at com.heiya.mobileapi.job.PickupOrderJob.execute(PickupOrderJob.java:39)
	at org.quartz.core.JobRunShell.run(JobRunShell.java:202)
	at org.quartz.simpl.SimpleThreadPool$WorkerThread.run(SimpleThreadPool.java:573)
2021-12-17 20:41:46,749 INFO com.heiya.mobileapi.HeiyaCustomerApplication [main] Starting HeiyaCustomerApplication on DESKTOP-I9M858L with PID 1640 (C:\Users\Khanza\Documents\NetBeansProjects\heiyacustomerapi\target\classes started by Khanza in C:\Users\Khanza\Documents\NetBeansProjects\heiyacustomerapi)
2021-12-17 20:41:46,753 DEBUG com.heiya.mobileapi.HeiyaCustomerApplication [main] Running with Spring Boot v2.2.5.RELEASE, Spring v5.2.4.RELEASE
2021-12-17 20:41:46,754 INFO com.heiya.mobileapi.HeiyaCustomerApplication [main] No active profile set, falling back to default profiles: default
2021-12-17 20:41:47,953 INFO org.springframework.data.repository.config.RepositoryConfigurationDelegate [main] Bootstrapping Spring Data JPA repositories in DEFAULT mode.
2021-12-17 20:41:48,161 INFO org.springframework.data.repository.config.RepositoryConfigurationDelegate [main] Finished Spring Data repository scanning in 183ms. Found 12 JPA repository interfaces.
2021-12-17 20:41:49,196 INFO org.springframework.boot.web.embedded.tomcat.TomcatWebServer [main] Tomcat initialized with port(s): 8083 (https)
2021-12-17 20:41:49,328 INFO org.springframework.web.context.ContextLoader [main] Root WebApplicationContext: initialization completed in 2518 ms
2021-12-17 20:41:51,107 INFO org.springframework.orm.jpa.LocalContainerEntityManagerFactoryBean [main] Initialized JPA EntityManagerFactory for persistence unit 'default'
2021-12-17 20:41:52,071 WARN org.springframework.boot.autoconfigure.orm.jpa.JpaBaseConfiguration$JpaWebConfiguration [main] spring.jpa.open-in-view is enabled by default. Therefore, database queries may be performed during view rendering. Explicitly configure spring.jpa.open-in-view to disable this warning
2021-12-17 20:41:52,622 INFO com.heiya.mobileapi.firebase.service.FCMInitializer [main] Firebase application has been initialized
2021-12-17 20:41:53,160 INFO com.heiya.mobileapi.config.SchedulerConfig [main] simpleJobTrigger
2021-12-17 20:41:53,174 INFO com.heiya.mobileapi.config.SchedulerConfig [main] 

>>>> Starting Jobs.... 


2021-12-17 20:41:53,329 INFO org.springframework.security.web.DefaultSecurityFilterChain [main] Creating filter chain: Ant [pattern='/v1/payment/xendit/status/callback'], []
2021-12-17 20:41:53,330 INFO org.springframework.security.web.DefaultSecurityFilterChain [main] Creating filter chain: Ant [pattern='/v1/payment/dana/status/callback'], []
2021-12-17 20:41:53,330 INFO org.springframework.security.web.DefaultSecurityFilterChain [main] Creating filter chain: Ant [pattern='/v1/payment/linkaja/status/callback'], []
2021-12-17 20:41:53,330 INFO org.springframework.security.web.DefaultSecurityFilterChain [main] Creating filter chain: Ant [pattern='/v1/payment/gopay/status/callback'], []
2021-12-17 20:41:53,372 INFO org.springframework.security.web.DefaultSecurityFilterChain [main] Creating filter chain: any request, [org.springframework.security.web.context.request.async.WebAsyncManagerIntegrationFilter@3d7caf9c, org.springframework.security.web.context.SecurityContextPersistenceFilter@2e030cc1, org.springframework.security.web.header.HeaderWriterFilter@61c145cb, org.springframework.security.web.authentication.logout.LogoutFilter@22172b00, org.springframework.security.web.authentication.www.BasicAuthenticationFilter@3051e476, org.springframework.security.web.savedrequest.RequestCacheAwareFilter@14bf9fd0, org.springframework.security.web.servletapi.SecurityContextHolderAwareRequestFilter@1f6d7e7c, org.springframework.security.web.authentication.AnonymousAuthenticationFilter@4e26040f, org.springframework.security.web.session.SessionManagementFilter@6549ce71, org.springframework.security.web.access.ExceptionTranslationFilter@55f23335, org.springframework.security.web.access.intercept.FilterSecurityInterceptor@6fbcc078]
2021-12-17 20:41:54,224 INFO org.springframework.scheduling.quartz.SchedulerFactoryBean [main] Starting Quartz Scheduler now
2021-12-17 20:41:54,963 INFO org.springframework.boot.web.embedded.tomcat.TomcatWebServer [main] Tomcat started on port(s): 8083 (https) with context path ''
2021-12-17 20:41:54,966 INFO com.heiya.mobileapi.HeiyaCustomerApplication [main] Started HeiyaCustomerApplication in 8.752 seconds (JVM running for 9.279)
2021-12-17 20:41:54,970 INFO com.heiya.mobileapi.HeiyaCustomerApplication [main] C:\Program Files\Java\jdk1.8.0_291\jre
2021-12-17 20:42:41,490 INFO com.heiya.mobileapi.HeiyaCustomerApplication [main] Starting HeiyaCustomerApplication on DESKTOP-I9M858L with PID 14164 (C:\Users\Khanza\Documents\NetBeansProjects\heiyacustomerapi\target\classes started by Khanza in C:\Users\Khanza\Documents\NetBeansProjects\heiyacustomerapi)
2021-12-17 20:42:41,494 DEBUG com.heiya.mobileapi.HeiyaCustomerApplication [main] Running with Spring Boot v2.2.5.RELEASE, Spring v5.2.4.RELEASE
2021-12-17 20:42:41,495 INFO com.heiya.mobileapi.HeiyaCustomerApplication [main] No active profile set, falling back to default profiles: default
2021-12-17 20:42:42,642 INFO org.springframework.data.repository.config.RepositoryConfigurationDelegate [main] Bootstrapping Spring Data JPA repositories in DEFAULT mode.
2021-12-17 20:42:42,853 INFO org.springframework.data.repository.config.RepositoryConfigurationDelegate [main] Finished Spring Data repository scanning in 196ms. Found 12 JPA repository interfaces.
2021-12-17 20:42:44,067 INFO org.springframework.boot.web.embedded.tomcat.TomcatWebServer [main] Tomcat initialized with port(s): 8083 (http)
2021-12-17 20:42:44,292 INFO org.springframework.web.context.ContextLoader [main] Root WebApplicationContext: initialization completed in 2735 ms
2021-12-17 20:42:46,945 INFO org.springframework.orm.jpa.LocalContainerEntityManagerFactoryBean [main] Initialized JPA EntityManagerFactory for persistence unit 'default'
2021-12-17 20:42:48,352 WARN org.springframework.boot.autoconfigure.orm.jpa.JpaBaseConfiguration$JpaWebConfiguration [main] spring.jpa.open-in-view is enabled by default. Therefore, database queries may be performed during view rendering. Explicitly configure spring.jpa.open-in-view to disable this warning
2021-12-17 20:42:49,369 INFO com.heiya.mobileapi.firebase.service.FCMInitializer [main] Firebase application has been initialized
2021-12-17 20:42:50,465 INFO com.heiya.mobileapi.config.SchedulerConfig [main] simpleJobTrigger
2021-12-17 20:42:50,489 INFO com.heiya.mobileapi.config.SchedulerConfig [main] 

>>>> Starting Jobs.... 


2021-12-17 20:42:50,779 INFO org.springframework.security.web.DefaultSecurityFilterChain [main] Creating filter chain: Ant [pattern='/v1/payment/xendit/status/callback'], []
2021-12-17 20:42:50,780 INFO org.springframework.security.web.DefaultSecurityFilterChain [main] Creating filter chain: Ant [pattern='/v1/payment/dana/status/callback'], []
2021-12-17 20:42:50,781 INFO org.springframework.security.web.DefaultSecurityFilterChain [main] Creating filter chain: Ant [pattern='/v1/payment/linkaja/status/callback'], []
2021-12-17 20:42:50,782 INFO org.springframework.security.web.DefaultSecurityFilterChain [main] Creating filter chain: Ant [pattern='/v1/payment/gopay/status/callback'], []
2021-12-17 20:42:50,854 INFO org.springframework.security.web.DefaultSecurityFilterChain [main] Creating filter chain: any request, [org.springframework.security.web.context.request.async.WebAsyncManagerIntegrationFilter@5342032a, org.springframework.security.web.context.SecurityContextPersistenceFilter@77db231c, org.springframework.security.web.header.HeaderWriterFilter@23d23d98, org.springframework.security.web.authentication.logout.LogoutFilter@3be369fc, org.springframework.security.web.authentication.www.BasicAuthenticationFilter@8bde368, org.springframework.security.web.savedrequest.RequestCacheAwareFilter@6a3e633a, org.springframework.security.web.servletapi.SecurityContextHolderAwareRequestFilter@30ed2a26, org.springframework.security.web.authentication.AnonymousAuthenticationFilter@239d9cb7, org.springframework.security.web.session.SessionManagementFilter@2435c6ae, org.springframework.security.web.access.ExceptionTranslationFilter@cea67b1, org.springframework.security.web.access.intercept.FilterSecurityInterceptor@64e89bb2]
2021-12-17 20:42:52,601 INFO org.springframework.scheduling.quartz.SchedulerFactoryBean [main] Starting Quartz Scheduler now
2021-12-17 20:42:52,734 INFO org.springframework.boot.web.embedded.tomcat.TomcatWebServer [main] Tomcat started on port(s): 8083 (http) with context path ''
2021-12-17 20:42:52,738 INFO com.heiya.mobileapi.HeiyaCustomerApplication [main] Started HeiyaCustomerApplication in 11.768 seconds (JVM running for 12.285)
2021-12-17 20:42:52,743 INFO com.heiya.mobileapi.HeiyaCustomerApplication [main] C:\Program Files\Java\jdk1.8.0_291\jre
2021-12-17 20:51:02,776 INFO org.springframework.web.servlet.DispatcherServlet [http-nio-8083-exec-3] Initializing Servlet 'dispatcherServlet'
2021-12-17 20:51:02,785 INFO org.springframework.web.servlet.DispatcherServlet [http-nio-8083-exec-3] Completed initialization in 9 ms
2021-12-17 20:55:03,928 INFO com.heiya.mobileapi.product.controller.ProductController [http-nio-8083-exec-9] 

======== START ProductController.doListProducts
2021-12-17 20:55:03,929 INFO com.heiya.mobileapi.product.service.ProductServiceImpl [http-nio-8083-exec-9] ======== START ProductServiceImpl.getAllProducts()
2021-12-17 20:55:03,940 INFO com.heiya.mobileapi.product.service.ProductServiceImpl [http-nio-8083-exec-9] ======== START ProductServiceImpl.getProductDiscount()
2021-12-17 20:55:03,961 INFO com.heiya.mobileapi.product.service.ProductServiceImpl [http-nio-8083-exec-9] ======== END ProductServiceImpl.getProductDiscount() - Discount response : {"success":true,"resultCode":"200","resultMsg":"Successfully retrieved","id":3,"goodsId":16,"discount":30}
2021-12-17 20:55:03,965 INFO com.heiya.mobileapi.product.service.ProductServiceImpl [http-nio-8083-exec-9] ======== START ProductServiceImpl.getProductDiscount()
2021-12-17 20:55:03,966 INFO com.heiya.mobileapi.product.service.ProductServiceImpl [http-nio-8083-exec-9] ======== END ProductServiceImpl.getProductDiscount() - Discount response : {"success":true,"resultCode":"200","resultMsg":"Successfully retrieved","id":6,"goodsId":19,"discount":30}
2021-12-17 20:55:03,967 INFO com.heiya.mobileapi.product.service.ProductServiceImpl [http-nio-8083-exec-9] ======== START ProductServiceImpl.getProductDiscount()
2021-12-17 20:55:03,968 INFO com.heiya.mobileapi.product.service.ProductServiceImpl [http-nio-8083-exec-9] ======== END ProductServiceImpl.getProductDiscount() - Discount response : {"success":true,"resultCode":"200","resultMsg":"Successfully retrieved","id":5,"goodsId":18,"discount":30}
2021-12-17 20:55:03,969 INFO com.heiya.mobileapi.product.service.ProductServiceImpl [http-nio-8083-exec-9] ======== START ProductServiceImpl.getProductDiscount()
2021-12-17 20:55:03,970 INFO com.heiya.mobileapi.product.service.ProductServiceImpl [http-nio-8083-exec-9] ======== END ProductServiceImpl.getProductDiscount() - Discount response : {"success":true,"resultCode":"200","resultMsg":"Successfully retrieved","id":7,"goodsId":20,"discount":30}
2021-12-17 20:55:03,971 INFO com.heiya.mobileapi.product.service.ProductServiceImpl [http-nio-8083-exec-9] ======== START ProductServiceImpl.getProductDiscount()
2021-12-17 20:55:03,972 INFO com.heiya.mobileapi.product.service.ProductServiceImpl [http-nio-8083-exec-9] ======== END ProductServiceImpl.getProductDiscount() - Discount response : {"success":true,"resultCode":"200","resultMsg":"Successfully retrieved","id":10,"goodsId":24,"discount":30}
2021-12-17 20:55:03,972 INFO com.heiya.mobileapi.product.service.ProductServiceImpl [http-nio-8083-exec-9] ======== START ProductServiceImpl.getProductDiscount()
2021-12-17 20:55:03,973 INFO com.heiya.mobileapi.product.service.ProductServiceImpl [http-nio-8083-exec-9] ======== END ProductServiceImpl.getProductDiscount() - Discount response : {"success":true,"resultCode":"200","resultMsg":"Successfully retrieved","id":2,"goodsId":15,"discount":30}
2021-12-17 20:55:03,974 INFO com.heiya.mobileapi.product.service.ProductServiceImpl [http-nio-8083-exec-9] ======== START ProductServiceImpl.getProductDiscount()
2021-12-17 20:55:03,974 INFO com.heiya.mobileapi.product.service.ProductServiceImpl [http-nio-8083-exec-9] ======== END ProductServiceImpl.getProductDiscount() - Discount response : {"success":true,"resultCode":"200","resultMsg":"Successfully retrieved","id":9,"goodsId":22,"discount":30}
2021-12-17 20:55:03,975 INFO com.heiya.mobileapi.product.service.ProductServiceImpl [http-nio-8083-exec-9] ======== START ProductServiceImpl.getProductDiscount()
2021-12-17 20:55:03,975 INFO com.heiya.mobileapi.product.service.ProductServiceImpl [http-nio-8083-exec-9] ======== END ProductServiceImpl.getProductDiscount() - Discount response : {"success":true,"resultCode":"200","resultMsg":"Successfully retrieved","id":15,"goodsId":29,"discount":30}
2021-12-17 20:55:03,976 INFO com.heiya.mobileapi.product.service.ProductServiceImpl [http-nio-8083-exec-9] ======== START ProductServiceImpl.getProductDiscount()
2021-12-17 20:55:03,976 INFO com.heiya.mobileapi.product.service.ProductServiceImpl [http-nio-8083-exec-9] ======== END ProductServiceImpl.getProductDiscount() - Discount response : {"success":true,"resultCode":"200","resultMsg":"Successfully retrieved","id":4,"goodsId":17,"discount":30}
2021-12-17 20:55:03,977 INFO com.heiya.mobileapi.product.service.ProductServiceImpl [http-nio-8083-exec-9] ======== START ProductServiceImpl.getProductDiscount()
2021-12-17 20:55:03,977 INFO com.heiya.mobileapi.product.service.ProductServiceImpl [http-nio-8083-exec-9] ======== END ProductServiceImpl.getProductDiscount() - Discount response : {"success":true,"resultCode":"200","resultMsg":"Successfully retrieved","id":11,"goodsId":27,"discount":30}
2021-12-17 20:55:03,978 INFO com.heiya.mobileapi.product.service.ProductServiceImpl [http-nio-8083-exec-9] ======== START ProductServiceImpl.getProductDiscount()
2021-12-17 20:55:03,978 INFO com.heiya.mobileapi.product.service.ProductServiceImpl [http-nio-8083-exec-9] ======== END ProductServiceImpl.getProductDiscount() - Discount response : {"success":true,"resultCode":"200","resultMsg":"Successfully retrieved","id":12,"goodsId":28,"discount":30}
2021-12-17 20:55:03,979 INFO com.heiya.mobileapi.product.service.ProductServiceImpl [http-nio-8083-exec-9] ======== START ProductServiceImpl.getProductDiscount()
2021-12-17 20:55:03,979 INFO com.heiya.mobileapi.product.service.ProductServiceImpl [http-nio-8083-exec-9] ======== END ProductServiceImpl.getProductDiscount() - Discount response : {"success":true,"resultCode":"200","resultMsg":"Successfully retrieved","id":8,"goodsId":21,"discount":30}
2021-12-17 20:55:03,988 INFO com.heiya.mobileapi.product.service.ProductServiceImpl [http-nio-8083-exec-9] ======== END ProductServiceImpl.getAllProducts() - Product response : {"success":true,"resultCode":"200","resultMsg":"Successfully retrieved","productList":[{"productId":2411,"goodsId":16,"productName":"Cafe Latte","productDesc":"Cafe Latte\r\n\r\nOur double-shot espresso blended with creamy steamed milk.\r\nHeiya! is ready to warm up your day.\r\nAvailable in Hot/Ice.\r\n","price":22000,"discount":"30%","isActive":"Y","productImagePath":"http://myheiya.id/appresources/images/products/CafeLatte.jpg"},{"productId":2397,"goodsId":19,"productName":"Chocolate","productDesc":"Chocolate\r\n\r\nMelting dark chocolate in your mouth. So tempting. \r\nTry our special Chocolate drink for you, Heiya! non-coffee drinkers.\r\nAvailable in Hot/Ice\r\n","price":22000,"discount":"30%","isActive":"Y","productImagePath":"http://myheiya.id/appresources/images/products/Chocolate1.jpg"},{"productId":2393,"goodsId":18,"productName":"Espresso Matcha","productDesc":"Espresso Matcha\r\n\r\nEspresso with Japanese Green Tea (Matcha)? Why not?","price":29000,"discount":"30%","isActive":"Y","productImagePath":"http://myheiya.id/appresources/images/products/EspressoMatcha.jpg"},{"productId":2401,"goodsId":20,"productName":"Green Tea Latte","productDesc":"Green Tea Latte\r\n\r\nJapanese Green Tea combined with steamed milk.\r\nNon-coffee. Available in Hot/Ice.\r\n","price":25000,"discount":"30%","isActive":"Y","productImagePath":"http://myheiya.id/appresources/images/products/GreenTeaLatte.jpg"},{"productId":2423,"goodsId":24,"productName":"Lemon Tea","productDesc":"Lemon Tea\r\n\r\nFresh lemon squeeze in ice tea. Heiya! know you are thirsty.\r\nNon-coffee. Available in Hot / Ice.\r\n","price":21000,"discount":"30%","isActive":"Y","productImagePath":"http://myheiya.id/appresources/images/products/LemonTea.jpg"},{"productId":2405,"goodsId":15,"productName":"Long Black Coffee","productDesc":"Long Black\r\n\r\nDouble-shot of espresso over hot water.\r\nFeel the aroma and a strong taste of Heiya! Long Black coffee.\r\nAvailable in Hot/Ice.","price":17000,"discount":"30%","isActive":"Y","productImagePath":"http://myheiya.id/appresources/images/products/LongBlackCoffee.jpg"},{"productId":2433,"goodsId":22,"productName":"Lychee Tea","productDesc":"Iced Lychee Tea\r\n\r\nSweet lychee taste in ice tea. Come to taste!\r\nNon-coffee. \r\n","price":17000,"discount":"30%","isActive":"Y","productImagePath":"http://myheiya.id/appresources/images/products/IcedLycheeTea.jpg"},{"productId":2427,"goodsId":29,"productName":"Milk","productDesc":"Milk\r\n\r\nNever say NO to a creamy warm milk or even with ice.\r\nOne healthy option for your daily calcium need.","price":17000,"discount":"30%","isActive":"Y","productImagePath":"http://myheiya.id/appresources/images/products/MilkyWhite.jpg"},{"productId":2389,"goodsId":17,"productName":"Mocca","productDesc":"Mocca\r\n\r\nCappucino and Chocolate? Who could resist Heiya! Mocca drink?\r\nAvailable in Hot/Ice.\r\n","price":27000,"discount":"30%","isActive":"Y","productImagePath":"http://myheiya.id/appresources/images/products/Mocca.jpg"},{"productId":2417,"goodsId":27,"productName":"Peppermint Lemon Tea","productDesc":"Iced Peppermint Lemon Tea\r\n\r\nIcy Lemon Tea with extra Peppermint sensation at Heiya! Vending Machine.\r\nNon-coffee.\r\n","price":24000,"discount":"30%","isActive":"Y","productImagePath":"http://myheiya.id/appresources/images/products/IcedPeppermintLemonTea.jpg"},{"productId":2419,"goodsId":28,"productName":"Peppermint Mocha Coffee","productDesc":"Peppermint Mocha Coffee\r\n\r\nTry our special edition menu: Mochaccino with Peppermint Leaves.\r\nAvailable in Hot/Ice.\r\n","price":29000,"discount":"30%","isActive":"Y","productImagePath":"http://myheiya.id/appresources/images/products/PeppermintMochaCoffee.jpg"},{"productId":2450,"goodsId":21,"productName":"Taro Latte","productDesc":"Taro Latte\r\n\r\nNatural sweet potato taste blended in steamed milk, nutty and sweet.\r\nNon-coffee. Available in Hot/Ice.\r\n","price":24000,"discount":"30%","isActive":"Y","productImagePath":"http://myheiya.id/appresources/images/products/TaroLatte.jpg"}]}
2021-12-17 20:55:03,989 INFO com.heiya.mobileapi.product.controller.ProductController [http-nio-8083-exec-9] ======== COMPLETED ProductController.doListProducts
2021-12-17 20:55:16,569 INFO com.heiya.mobileapi.product.controller.ProductController [http-nio-8083-exec-2] 

======== START ProductController.doListPromo
2021-12-17 20:55:16,569 INFO com.heiya.mobileapi.product.service.ProductServiceImpl [http-nio-8083-exec-2] ======== START ProductServiceImpl.getCurrentPromotionBanner()
2021-12-17 20:55:16,591 INFO com.heiya.mobileapi.product.service.ProductServiceImpl [http-nio-8083-exec-2] ======== END ProductServiceImpl.getCurrentPromotionBanner() - Banner response : {"success":true,"resultCode":"200","resultMsg":"Successfully retrieved","bannerList":[{"bannerId":3,"bannerName":"Heiya Discount 30","bannerPath":"http://myheiya.id/appresources/images/banners/HeiyaDiscount30.jpg"},{"bannerId":4,"bannerName":"Banner Ungu","bannerPath":"http://myheiya.id/appresources/images/banners/BannerUngu.jpg"},{"bannerId":5,"bannerName":"Heiya Challenge","bannerPath":"http://myheiya.id/appresources/images/banners/HeiyaChallenge.jpg"},{"bannerId":6,"bannerName":"Heiya Creative","bannerPath":"http://myheiya.id/appresources/images/banners/HeiyaCreative.jpg"}]}
2021-12-17 20:55:16,591 INFO com.heiya.mobileapi.product.controller.ProductController [http-nio-8083-exec-2] ======== COMPLETED ProductController.doListPromo
