2021-12-15 21:15:55,311 INFO com.heiya.mobileapi.HeiyaCustomerApplication [main] Starting HeiyaCustomerApplication on LAPTOP-GKV7MAH7 with PID 14216 (C:\Users\User\Documents\NetBeansProjects\heiyacustomerapi\target\classes started by User in C:\Users\User\Documents\NetBeansProjects\heiyacustomerapi)
2021-12-15 21:15:55,346 DEBUG com.heiya.mobileapi.HeiyaCustomerApplication [main] Running with Spring Boot v2.2.5.RELEASE, Spring v5.2.4.RELEASE
2021-12-15 21:15:55,347 INFO com.heiya.mobileapi.HeiyaCustomerApplication [main] No active profile set, falling back to default profiles: default
2021-12-15 21:15:57,341 INFO org.springframework.data.repository.config.RepositoryConfigurationDelegate [main] Bootstrapping Spring Data JPA repositories in DEFAULT mode.
2021-12-15 21:15:57,689 INFO org.springframework.data.repository.config.RepositoryConfigurationDelegate [main] Finished Spring Data repository scanning in 320ms. Found 12 JPA repository interfaces.
2021-12-15 21:15:59,447 INFO org.springframework.boot.web.embedded.tomcat.TomcatWebServer [main] Tomcat initialized with port(s): 8083 (https)
2021-12-15 21:15:59,659 INFO org.springframework.web.context.ContextLoader [main] Root WebApplicationContext: initialization completed in 4200 ms
2021-12-15 21:16:02,198 INFO org.springframework.orm.jpa.LocalContainerEntityManagerFactoryBean [main] Initialized JPA EntityManagerFactory for persistence unit 'default'
2021-12-15 21:16:03,600 WARN org.springframework.boot.autoconfigure.orm.jpa.JpaBaseConfiguration$JpaWebConfiguration [main] spring.jpa.open-in-view is enabled by default. Therefore, database queries may be performed during view rendering. Explicitly configure spring.jpa.open-in-view to disable this warning
2021-12-15 21:16:04,449 INFO com.heiya.mobileapi.firebase.service.FCMInitializer [main] Firebase application has been initialized
2021-12-15 21:16:05,172 INFO com.heiya.mobileapi.config.SchedulerConfig [main] simpleJobTrigger
2021-12-15 21:16:05,198 INFO com.heiya.mobileapi.config.SchedulerConfig [main] 

>>>> Starting Jobs.... 


2021-12-15 21:16:05,439 INFO org.springframework.security.web.DefaultSecurityFilterChain [main] Creating filter chain: Ant [pattern='/v1/payment/xendit/status/callback'], []
2021-12-15 21:16:05,440 INFO org.springframework.security.web.DefaultSecurityFilterChain [main] Creating filter chain: Ant [pattern='/v1/payment/dana/status/callback'], []
2021-12-15 21:16:05,440 INFO org.springframework.security.web.DefaultSecurityFilterChain [main] Creating filter chain: Ant [pattern='/v1/payment/linkaja/status/callback'], []
2021-12-15 21:16:05,440 INFO org.springframework.security.web.DefaultSecurityFilterChain [main] Creating filter chain: Ant [pattern='/v1/payment/gopay/status/callback'], []
2021-12-15 21:16:05,499 INFO org.springframework.security.web.DefaultSecurityFilterChain [main] Creating filter chain: any request, [org.springframework.security.web.context.request.async.WebAsyncManagerIntegrationFilter@6f0ae0ee, org.springframework.security.web.context.SecurityContextPersistenceFilter@2431050d, org.springframework.security.web.header.HeaderWriterFilter@1e406cbe, org.springframework.security.web.authentication.logout.LogoutFilter@62615be, org.springframework.security.web.authentication.www.BasicAuthenticationFilter@430212cb, org.springframework.security.web.savedrequest.RequestCacheAwareFilter@522f0bb8, org.springframework.security.web.servletapi.SecurityContextHolderAwareRequestFilter@6fbcc078, org.springframework.security.web.authentication.AnonymousAuthenticationFilter@6de9bba2, org.springframework.security.web.session.SessionManagementFilter@6f4f2cc0, org.springframework.security.web.access.ExceptionTranslationFilter@30ed2a26, org.springframework.security.web.access.intercept.FilterSecurityInterceptor@a93c798]
2021-12-15 21:16:06,778 INFO org.springframework.scheduling.quartz.SchedulerFactoryBean [main] Starting Quartz Scheduler now
2021-12-15 21:16:07,773 INFO org.springframework.boot.web.embedded.tomcat.TomcatWebServer [main] Tomcat started on port(s): 8083 (https) with context path ''
2021-12-15 21:16:07,777 INFO com.heiya.mobileapi.HeiyaCustomerApplication [main] Started HeiyaCustomerApplication in 13.35 seconds (JVM running for 14.178)
2021-12-15 21:16:07,780 INFO com.heiya.mobileapi.HeiyaCustomerApplication [main] C:\Program Files\Java\jdk1.8.0_291\jre
2021-12-15 21:16:08,131 INFO org.springframework.web.servlet.DispatcherServlet [https-jsse-nio-8083-exec-6] Initializing Servlet 'dispatcherServlet'
2021-12-15 21:16:08,145 INFO org.springframework.web.servlet.DispatcherServlet [https-jsse-nio-8083-exec-6] Completed initialization in 14 ms
2021-12-15 21:19:21,337 INFO com.heiya.mobileapi.product.controller.ProductController [https-jsse-nio-8083-exec-2] 

======== START ProductController.doListProducts
2021-12-15 21:19:21,338 INFO com.heiya.mobileapi.product.service.ProductServiceImpl [https-jsse-nio-8083-exec-2] ======== START ProductServiceImpl.getAllProducts()
2021-12-15 21:19:21,384 INFO com.heiya.mobileapi.product.service.ProductServiceImpl [https-jsse-nio-8083-exec-2] ======== START ProductServiceImpl.getProductDiscount()
2021-12-15 21:19:21,410 INFO com.heiya.mobileapi.product.service.ProductServiceImpl [https-jsse-nio-8083-exec-2] ======== END ProductServiceImpl.getProductDiscount() - No discount found for this product
2021-12-15 21:19:21,417 INFO com.heiya.mobileapi.product.service.ProductServiceImpl [https-jsse-nio-8083-exec-2] ======== START ProductServiceImpl.getProductDiscount()
2021-12-15 21:19:21,419 INFO com.heiya.mobileapi.product.service.ProductServiceImpl [https-jsse-nio-8083-exec-2] ======== END ProductServiceImpl.getProductDiscount() - No discount found for this product
2021-12-15 21:19:21,421 INFO com.heiya.mobileapi.product.service.ProductServiceImpl [https-jsse-nio-8083-exec-2] ======== START ProductServiceImpl.getProductDiscount()
2021-12-15 21:19:21,423 INFO com.heiya.mobileapi.product.service.ProductServiceImpl [https-jsse-nio-8083-exec-2] ======== END ProductServiceImpl.getProductDiscount() - No discount found for this product
2021-12-15 21:19:21,424 INFO com.heiya.mobileapi.product.service.ProductServiceImpl [https-jsse-nio-8083-exec-2] ======== START ProductServiceImpl.getProductDiscount()
2021-12-15 21:19:21,426 INFO com.heiya.mobileapi.product.service.ProductServiceImpl [https-jsse-nio-8083-exec-2] ======== END ProductServiceImpl.getProductDiscount() - No discount found for this product
2021-12-15 21:19:21,428 INFO com.heiya.mobileapi.product.service.ProductServiceImpl [https-jsse-nio-8083-exec-2] ======== START ProductServiceImpl.getProductDiscount()
2021-12-15 21:19:21,429 INFO com.heiya.mobileapi.product.service.ProductServiceImpl [https-jsse-nio-8083-exec-2] ======== END ProductServiceImpl.getProductDiscount() - No discount found for this product
2021-12-15 21:19:21,432 INFO com.heiya.mobileapi.product.service.ProductServiceImpl [https-jsse-nio-8083-exec-2] ======== START ProductServiceImpl.getProductDiscount()
2021-12-15 21:19:21,433 INFO com.heiya.mobileapi.product.service.ProductServiceImpl [https-jsse-nio-8083-exec-2] ======== END ProductServiceImpl.getProductDiscount() - No discount found for this product
2021-12-15 21:19:21,435 INFO com.heiya.mobileapi.product.service.ProductServiceImpl [https-jsse-nio-8083-exec-2] ======== START ProductServiceImpl.getProductDiscount()
2021-12-15 21:19:21,436 INFO com.heiya.mobileapi.product.service.ProductServiceImpl [https-jsse-nio-8083-exec-2] ======== END ProductServiceImpl.getProductDiscount() - No discount found for this product
2021-12-15 21:19:21,437 INFO com.heiya.mobileapi.product.service.ProductServiceImpl [https-jsse-nio-8083-exec-2] ======== START ProductServiceImpl.getProductDiscount()
2021-12-15 21:19:21,439 INFO com.heiya.mobileapi.product.service.ProductServiceImpl [https-jsse-nio-8083-exec-2] ======== END ProductServiceImpl.getProductDiscount() - No discount found for this product
2021-12-15 21:19:21,440 INFO com.heiya.mobileapi.product.service.ProductServiceImpl [https-jsse-nio-8083-exec-2] ======== START ProductServiceImpl.getProductDiscount()
2021-12-15 21:19:21,441 INFO com.heiya.mobileapi.product.service.ProductServiceImpl [https-jsse-nio-8083-exec-2] ======== END ProductServiceImpl.getProductDiscount() - No discount found for this product
2021-12-15 21:19:21,443 INFO com.heiya.mobileapi.product.service.ProductServiceImpl [https-jsse-nio-8083-exec-2] ======== START ProductServiceImpl.getProductDiscount()
2021-12-15 21:19:21,444 INFO com.heiya.mobileapi.product.service.ProductServiceImpl [https-jsse-nio-8083-exec-2] ======== END ProductServiceImpl.getProductDiscount() - No discount found for this product
2021-12-15 21:19:21,445 INFO com.heiya.mobileapi.product.service.ProductServiceImpl [https-jsse-nio-8083-exec-2] ======== START ProductServiceImpl.getProductDiscount()
2021-12-15 21:19:21,447 INFO com.heiya.mobileapi.product.service.ProductServiceImpl [https-jsse-nio-8083-exec-2] ======== END ProductServiceImpl.getProductDiscount() - No discount found for this product
2021-12-15 21:19:21,449 INFO com.heiya.mobileapi.product.service.ProductServiceImpl [https-jsse-nio-8083-exec-2] ======== START ProductServiceImpl.getProductDiscount()
2021-12-15 21:19:21,451 INFO com.heiya.mobileapi.product.service.ProductServiceImpl [https-jsse-nio-8083-exec-2] ======== END ProductServiceImpl.getProductDiscount() - No discount found for this product
2021-12-15 21:19:21,470 INFO com.heiya.mobileapi.product.service.ProductServiceImpl [https-jsse-nio-8083-exec-2] ======== END ProductServiceImpl.getAllProducts() - Product response : {"success":true,"resultCode":"200","resultMsg":"Successfully retrieved","productList":[{"productId":2988,"goodsId":16,"productName":"Cafe Latte","productDesc":"Cafe Latte\r\n\r\nOur double-shot espresso blended with creamy steamed milk.\r\nHeiya! is ready to warm up your day.\r\nAvailable in Hot/Ice.\r\n","price":22000,"discount":"0","isActive":"Y","productImagePath":"http://myheiya.id/appresources/images/products/CafeLatte.jpg"},{"productId":2974,"goodsId":19,"productName":"Chocolate","productDesc":"Chocolate\r\n\r\nMelting dark chocolate in your mouth. So tempting. \r\nTry our special Chocolate drink for you, Heiya! non-coffee drinkers.\r\nAvailable in Hot/Ice\r\n","price":22000,"discount":"0","isActive":"Y","productImagePath":"http://myheiya.id/appresources/images/products/Chocolate1.jpg"},{"productId":2970,"goodsId":18,"productName":"Espresso Matcha","productDesc":"Espresso Matcha\r\n\r\nEspresso with Japanese Green Tea (Matcha)? Why not?","price":29000,"discount":"0","isActive":"Y","productImagePath":"http://myheiya.id/appresources/images/products/EspressoMatcha.jpg"},{"productId":3014,"goodsId":35,"productName":"Ginger Turmeric Tea","productDesc":"Ginger Turmeric Tea\r\n\r\nHeiya! herbal tea for your immune booster.","price":25000,"discount":"0","isActive":"Y","productImagePath":"http://myheiya.id/appresources/images/products/GingerTurmericTea.jpg"},{"productId":2978,"goodsId":20,"productName":"Green Tea Latte","productDesc":"Green Tea Latte\r\n\r\nJapanese Green Tea combined with steamed milk.\r\nNon-coffee. Available in Hot/Ice.\r\n","price":25000,"discount":"0","isActive":"Y","productImagePath":"http://myheiya.id/appresources/images/products/GreenTeaLatte.jpg"},{"productId":3000,"goodsId":24,"productName":"Lemon Tea","productDesc":"Lemon Tea\r\n\r\nFresh lemon squeeze in ice tea. Heiya! know you are thirsty.\r\nNon-coffee. Available in Hot / Ice.\r\n","price":21000,"discount":"0","isActive":"Y","productImagePath":"http://myheiya.id/appresources/images/products/LemonTea.jpg"},{"productId":2982,"goodsId":15,"productName":"Long Black Coffee","productDesc":"Long Black\r\n\r\nDouble-shot of espresso over hot water.\r\nFeel the aroma and a strong taste of Heiya! Long Black coffee.\r\nAvailable in Hot/Ice.","price":17000,"discount":"0","isActive":"Y","productImagePath":"http://myheiya.id/appresources/images/products/LongBlackCoffee.jpg"},{"productId":3004,"goodsId":29,"productName":"Milk","productDesc":"Milk\r\n\r\nNever say NO to a creamy warm milk or even with ice.\r\nOne healthy option for your daily calcium need.","price":17000,"discount":"0","isActive":"Y","productImagePath":"http://myheiya.id/appresources/images/products/MilkyWhite.jpg"},{"productId":2966,"goodsId":17,"productName":"Mocca","productDesc":"Mocca\r\n\r\nCappucino and Chocolate? Who could resist Heiya! Mocca drink?\r\nAvailable in Hot/Ice.\r\n","price":27000,"discount":"0","isActive":"Y","productImagePath":"http://myheiya.id/appresources/images/products/Mocca.jpg"},{"productId":2994,"goodsId":27,"productName":"Peppermint Lemon Tea","productDesc":"Iced Peppermint Lemon Tea\r\n\r\nIcy Lemon Tea with extra Peppermint sensation at Heiya! Vending Machine.\r\nNon-coffee.\r\n","price":24000,"discount":"0","isActive":"Y","productImagePath":"http://myheiya.id/appresources/images/products/IcedPeppermintLemonTea.jpg"},{"productId":2996,"goodsId":28,"productName":"Peppermint Mocha Coffee","productDesc":"Peppermint Mocha Coffee\r\n\r\nTry our special edition menu: Mochaccino with Peppermint Leaves.\r\nAvailable in Hot/Ice.\r\n","price":29000,"discount":"0","isActive":"Y","productImagePath":"http://myheiya.id/appresources/images/products/PeppermintMochaCoffee.jpg"},{"productId":3010,"goodsId":21,"productName":"Taro Latte","productDesc":"Taro Latte\r\n\r\nNatural sweet potato taste blended in steamed milk, nutty and sweet.\r\nNon-coffee. Available in Hot/Ice.\r\n","price":24000,"discount":"0","isActive":"Y","productImagePath":"http://myheiya.id/appresources/images/products/TaroLatte.jpg"}]}
2021-12-15 21:19:21,470 INFO com.heiya.mobileapi.product.controller.ProductController [https-jsse-nio-8083-exec-2] ======== COMPLETED ProductController.doListProducts
