2022-04-06 17:16:17,917 INFO com.heiya.mobileapi.HeiyaCustomerApplication [main] Starting HeiyaCustomerApplication on DESKTOP-I9M858L with PID 9996 (C:\Users\Khanza\Documents\NetBeansProjects\heiyacustomerapi\target\classes started by Khanza in C:\Users\Khanza\Documents\NetBeansProjects\heiyacustomerapi)
2022-04-06 17:16:17,929 DEBUG com.heiya.mobileapi.HeiyaCustomerApplication [main] Running with Spring Boot v2.2.5.RELEASE, Spring v5.2.4.RELEASE
2022-04-06 17:16:17,929 INFO com.heiya.mobileapi.HeiyaCustomerApplication [main] No active profile set, falling back to default profiles: default
2022-04-06 17:16:19,360 INFO org.springframework.data.repository.config.RepositoryConfigurationDelegate [main] Bootstrapping Spring Data JPA repositories in DEFAULT mode.
2022-04-06 17:16:19,591 INFO org.springframework.data.repository.config.RepositoryConfigurationDelegate [main] Finished Spring Data repository scanning in 217ms. Found 12 JPA repository interfaces.
2022-04-06 17:16:20,801 INFO org.springframework.boot.web.embedded.tomcat.TomcatWebServer [main] Tomcat initialized with port(s): 8083 (http)
2022-04-06 17:16:20,956 INFO org.springframework.web.context.ContextLoader [main] Root WebApplicationContext: initialization completed in 2941 ms
2022-04-06 17:16:27,762 INFO org.springframework.orm.jpa.LocalContainerEntityManagerFactoryBean [main] Initialized JPA EntityManagerFactory for persistence unit 'default'
2022-04-06 17:16:28,901 WARN org.springframework.boot.autoconfigure.orm.jpa.JpaBaseConfiguration$JpaWebConfiguration [main] spring.jpa.open-in-view is enabled by default. Therefore, database queries may be performed during view rendering. Explicitly configure spring.jpa.open-in-view to disable this warning
2022-04-06 17:16:29,633 INFO com.heiya.mobileapi.firebase.service.FCMInitializer [main] Firebase application has been initialized
2022-04-06 17:16:30,376 INFO com.heiya.mobileapi.config.SchedulerConfig [main] simpleJobTrigger
2022-04-06 17:16:30,401 INFO com.heiya.mobileapi.config.SchedulerConfig [main] 

>>>> Starting Jobs.... 


2022-04-06 17:16:30,619 INFO org.springframework.security.web.DefaultSecurityFilterChain [main] Creating filter chain: Ant [pattern='/v1/payment/xendit/status/callback'], []
2022-04-06 17:16:30,619 INFO org.springframework.security.web.DefaultSecurityFilterChain [main] Creating filter chain: Ant [pattern='/v1/payment/dana/status/callback'], []
2022-04-06 17:16:30,620 INFO org.springframework.security.web.DefaultSecurityFilterChain [main] Creating filter chain: Ant [pattern='/v1/payment/linkaja/status/callback'], []
2022-04-06 17:16:30,620 INFO org.springframework.security.web.DefaultSecurityFilterChain [main] Creating filter chain: Ant [pattern='/v1/payment/gopay/status/callback'], []
2022-04-06 17:16:30,677 INFO org.springframework.security.web.DefaultSecurityFilterChain [main] Creating filter chain: any request, [org.springframework.security.web.context.request.async.WebAsyncManagerIntegrationFilter@273e622f, org.springframework.security.web.context.SecurityContextPersistenceFilter@531ed68e, org.springframework.security.web.header.HeaderWriterFilter@6e140753, org.springframework.security.web.authentication.logout.LogoutFilter@335a45a8, org.springframework.security.web.authentication.www.BasicAuthenticationFilter@5799b8a2, org.springframework.security.web.savedrequest.RequestCacheAwareFilter@6bbd4048, org.springframework.security.web.servletapi.SecurityContextHolderAwareRequestFilter@4cb939d5, org.springframework.security.web.authentication.AnonymousAuthenticationFilter@380cd266, org.springframework.security.web.session.SessionManagementFilter@686ace1f, org.springframework.security.web.access.ExceptionTranslationFilter@45c10678, org.springframework.security.web.access.intercept.FilterSecurityInterceptor@167ccc3c]
2022-04-06 17:16:31,759 INFO org.springframework.scheduling.quartz.SchedulerFactoryBean [main] Starting Quartz Scheduler now
2022-04-06 17:16:31,808 INFO org.springframework.boot.web.embedded.tomcat.TomcatWebServer [main] Tomcat started on port(s): 8083 (http) with context path ''
2022-04-06 17:16:31,811 INFO com.heiya.mobileapi.HeiyaCustomerApplication [main] Started HeiyaCustomerApplication in 14.582 seconds (JVM running for 15.21)
2022-04-06 17:16:31,814 INFO com.heiya.mobileapi.HeiyaCustomerApplication [main] C:\Program Files\Java\jdk1.8.0_202\jre
