2022-03-22 15:59:17,239 INFO com.heiya.mobileapi.HeiyaCustomerApplication [main] Starting HeiyaCustomerApplication on DESKTOP-I9M858L with PID 4300 (C:\Users\Khanza\Documents\NetBeansProjects\heiyacustomerapi\target\classes started by Khanza in C:\Users\Khanza\Documents\NetBeansProjects\heiyacustomerapi)
2022-03-22 15:59:17,247 DEBUG com.heiya.mobileapi.HeiyaCustomerApplication [main] Running with Spring Boot v2.2.5.RELEASE, Spring v5.2.4.RELEASE
2022-03-22 15:59:17,247 INFO com.heiya.mobileapi.HeiyaCustomerApplication [main] No active profile set, falling back to default profiles: default
2022-03-22 15:59:18,649 INFO org.springframework.data.repository.config.RepositoryConfigurationDelegate [main] Bootstrapping Spring Data JPA repositories in DEFAULT mode.
2022-03-22 15:59:18,858 INFO org.springframework.data.repository.config.RepositoryConfigurationDelegate [main] Finished Spring Data repository scanning in 196ms. Found 12 JPA repository interfaces.
2022-03-22 15:59:20,098 INFO org.springframework.boot.web.embedded.tomcat.TomcatWebServer [main] Tomcat initialized with port(s): 8083 (https)
2022-03-22 15:59:20,245 INFO org.springframework.web.context.ContextLoader [main] Root WebApplicationContext: initialization completed in 2928 ms
2022-03-22 15:59:22,200 INFO org.springframework.orm.jpa.LocalContainerEntityManagerFactoryBean [main] Initialized JPA EntityManagerFactory for persistence unit 'default'
2022-03-22 15:59:23,228 WARN org.springframework.boot.autoconfigure.orm.jpa.JpaBaseConfiguration$JpaWebConfiguration [main] spring.jpa.open-in-view is enabled by default. Therefore, database queries may be performed during view rendering. Explicitly configure spring.jpa.open-in-view to disable this warning
2022-03-22 15:59:23,863 INFO com.heiya.mobileapi.firebase.service.FCMInitializer [main] Firebase application has been initialized
2022-03-22 15:59:24,426 INFO com.heiya.mobileapi.config.SchedulerConfig [main] simpleJobTrigger
2022-03-22 15:59:24,451 INFO com.heiya.mobileapi.config.SchedulerConfig [main] 

>>>> Starting Jobs.... 


2022-03-22 15:59:24,637 INFO org.springframework.security.web.DefaultSecurityFilterChain [main] Creating filter chain: Ant [pattern='/v1/payment/xendit/status/callback'], []
2022-03-22 15:59:24,637 INFO org.springframework.security.web.DefaultSecurityFilterChain [main] Creating filter chain: Ant [pattern='/v1/payment/dana/status/callback'], []
2022-03-22 15:59:24,638 INFO org.springframework.security.web.DefaultSecurityFilterChain [main] Creating filter chain: Ant [pattern='/v1/payment/linkaja/status/callback'], []
2022-03-22 15:59:24,638 INFO org.springframework.security.web.DefaultSecurityFilterChain [main] Creating filter chain: Ant [pattern='/v1/payment/gopay/status/callback'], []
2022-03-22 15:59:24,688 INFO org.springframework.security.web.DefaultSecurityFilterChain [main] Creating filter chain: any request, [org.springframework.security.web.context.request.async.WebAsyncManagerIntegrationFilter@afb7b03, org.springframework.security.web.context.SecurityContextPersistenceFilter@37665305, org.springframework.security.web.header.HeaderWriterFilter@3661b732, org.springframework.security.web.authentication.logout.LogoutFilter@59ac77f9, org.springframework.security.web.authentication.www.BasicAuthenticationFilter@55f23335, org.springframework.security.web.savedrequest.RequestCacheAwareFilter@2c224096, org.springframework.security.web.servletapi.SecurityContextHolderAwareRequestFilter@4070c4ff, org.springframework.security.web.authentication.AnonymousAuthenticationFilter@4fd63c43, org.springframework.security.web.session.SessionManagementFilter@2e91cf69, org.springframework.security.web.access.ExceptionTranslationFilter@7acb5200, org.springframework.security.web.access.intercept.FilterSecurityInterceptor@31c0c7e5]
2022-03-22 15:59:25,650 INFO org.springframework.scheduling.quartz.SchedulerFactoryBean [main] Starting Quartz Scheduler now
2022-03-22 15:59:26,156 INFO org.springframework.boot.web.embedded.tomcat.TomcatWebServer [main] Tomcat started on port(s): 8083 (https) with context path ''
2022-03-22 15:59:26,158 INFO com.heiya.mobileapi.HeiyaCustomerApplication [main] Started HeiyaCustomerApplication in 9.525 seconds (JVM running for 10.088)
2022-03-22 15:59:26,160 INFO com.heiya.mobileapi.HeiyaCustomerApplication [main] C:\Program Files\Java\jdk1.8.0_202\jre
2022-03-22 16:05:00,490 ERROR org.hibernate.engine.jdbc.spi.SqlExceptionHelper [heiyamobile-api-quartz-job_Worker-3] Table 'hwcustomerserverapi_db.global_configs' doesn't exist
2022-03-22 16:05:00,496 ERROR com.heiya.mobileapi.payment.service.PaymentServiceImpl [heiyamobile-api-quartz-job_Worker-3] could not extract ResultSet; SQL [n/a]; nested exception is org.hibernate.exception.SQLGrammarException: could not extract ResultSet
2022-03-22 16:05:00,500 ERROR com.heiya.mobileapi.payment.controller.PaymentController [heiyamobile-api-quartz-job_Worker-3] null
java.lang.NullPointerException: null
	at com.heiya.mobileapi.payment.controller.PaymentController.doCheckTransactionStatusNotification(PaymentController.java:485)
	at com.heiya.mobileapi.job.PickupOrderJob.execute(PickupOrderJob.java:39)
	at org.quartz.core.JobRunShell.run(JobRunShell.java:202)
	at org.quartz.simpl.SimpleThreadPool$WorkerThread.run(SimpleThreadPool.java:573)
2022-03-22 16:05:03,467 ERROR org.hibernate.engine.jdbc.spi.SqlExceptionHelper [heiyamobile-api-quartz-job_Worker-4] Table 'hwcustomerserverapi_db.global_configs' doesn't exist
2022-03-22 16:05:03,468 ERROR com.heiya.mobileapi.payment.service.PaymentServiceImpl [heiyamobile-api-quartz-job_Worker-4] could not extract ResultSet; SQL [n/a]; nested exception is org.hibernate.exception.SQLGrammarException: could not extract ResultSet
2022-03-22 16:05:03,468 ERROR com.heiya.mobileapi.payment.controller.PaymentController [heiyamobile-api-quartz-job_Worker-4] null
java.lang.NullPointerException: null
	at com.heiya.mobileapi.payment.controller.PaymentController.doCheckTransactionStatusNotification(PaymentController.java:485)
	at com.heiya.mobileapi.job.PickupOrderJob.execute(PickupOrderJob.java:39)
	at org.quartz.core.JobRunShell.run(JobRunShell.java:202)
	at org.quartz.simpl.SimpleThreadPool$WorkerThread.run(SimpleThreadPool.java:573)
2022-03-22 16:35:00,880 INFO com.heiya.mobileapi.HeiyaCustomerApplication [main] Starting HeiyaCustomerApplication on DESKTOP-I9M858L with PID 11100 (C:\Users\Khanza\Documents\NetBeansProjects\heiyacustomerapi\target\classes started by Khanza in C:\Users\Khanza\Documents\NetBeansProjects\heiyacustomerapi)
2022-03-22 16:35:00,884 DEBUG com.heiya.mobileapi.HeiyaCustomerApplication [main] Running with Spring Boot v2.2.5.RELEASE, Spring v5.2.4.RELEASE
2022-03-22 16:35:00,885 INFO com.heiya.mobileapi.HeiyaCustomerApplication [main] No active profile set, falling back to default profiles: default
2022-03-22 16:35:02,066 INFO org.springframework.data.repository.config.RepositoryConfigurationDelegate [main] Bootstrapping Spring Data JPA repositories in DEFAULT mode.
2022-03-22 16:35:02,246 INFO org.springframework.data.repository.config.RepositoryConfigurationDelegate [main] Finished Spring Data repository scanning in 171ms. Found 12 JPA repository interfaces.
2022-03-22 16:35:03,349 INFO org.springframework.boot.web.embedded.tomcat.TomcatWebServer [main] Tomcat initialized with port(s): 8083 (https)
2022-03-22 16:35:03,512 INFO org.springframework.web.context.ContextLoader [main] Root WebApplicationContext: initialization completed in 2561 ms
2022-03-22 16:35:05,188 INFO org.springframework.orm.jpa.LocalContainerEntityManagerFactoryBean [main] Initialized JPA EntityManagerFactory for persistence unit 'default'
2022-03-22 16:35:06,120 WARN org.springframework.boot.autoconfigure.orm.jpa.JpaBaseConfiguration$JpaWebConfiguration [main] spring.jpa.open-in-view is enabled by default. Therefore, database queries may be performed during view rendering. Explicitly configure spring.jpa.open-in-view to disable this warning
2022-03-22 16:35:06,757 INFO com.heiya.mobileapi.firebase.service.FCMInitializer [main] Firebase application has been initialized
2022-03-22 16:35:07,314 INFO com.heiya.mobileapi.config.SchedulerConfig [main] simpleJobTrigger
2022-03-22 16:35:07,333 INFO com.heiya.mobileapi.config.SchedulerConfig [main] 

>>>> Starting Jobs.... 


2022-03-22 16:35:07,485 INFO org.springframework.security.web.DefaultSecurityFilterChain [main] Creating filter chain: Ant [pattern='/v1/payment/xendit/status/callback'], []
2022-03-22 16:35:07,486 INFO org.springframework.security.web.DefaultSecurityFilterChain [main] Creating filter chain: Ant [pattern='/v1/payment/dana/status/callback'], []
2022-03-22 16:35:07,486 INFO org.springframework.security.web.DefaultSecurityFilterChain [main] Creating filter chain: Ant [pattern='/v1/payment/linkaja/status/callback'], []
2022-03-22 16:35:07,486 INFO org.springframework.security.web.DefaultSecurityFilterChain [main] Creating filter chain: Ant [pattern='/v1/payment/gopay/status/callback'], []
2022-03-22 16:35:07,545 INFO org.springframework.security.web.DefaultSecurityFilterChain [main] Creating filter chain: any request, [org.springframework.security.web.context.request.async.WebAsyncManagerIntegrationFilter@9a07409, org.springframework.security.web.context.SecurityContextPersistenceFilter@64887fbc, org.springframework.security.web.header.HeaderWriterFilter@23365142, org.springframework.security.web.authentication.logout.LogoutFilter@8c18bde, org.springframework.security.web.authentication.www.BasicAuthenticationFilter@2aeb7c4c, org.springframework.security.web.savedrequest.RequestCacheAwareFilter@1f6d7e7c, org.springframework.security.web.servletapi.SecurityContextHolderAwareRequestFilter@20f99c18, org.springframework.security.web.authentication.AnonymousAuthenticationFilter@7455204c, org.springframework.security.web.session.SessionManagementFilter@470b5213, org.springframework.security.web.access.ExceptionTranslationFilter@27a6384b, org.springframework.security.web.access.intercept.FilterSecurityInterceptor@4e26040f]
2022-03-22 16:35:08,466 INFO org.springframework.scheduling.quartz.SchedulerFactoryBean [main] Starting Quartz Scheduler now
2022-03-22 16:35:08,972 INFO org.springframework.boot.web.embedded.tomcat.TomcatWebServer [main] Tomcat started on port(s): 8083 (https) with context path ''
2022-03-22 16:35:08,975 INFO com.heiya.mobileapi.HeiyaCustomerApplication [main] Started HeiyaCustomerApplication in 8.635 seconds (JVM running for 9.135)
2022-03-22 16:35:08,978 INFO com.heiya.mobileapi.HeiyaCustomerApplication [main] C:\Program Files\Java\jdk1.8.0_202\jre
2022-03-22 16:41:41,785 INFO org.springframework.web.servlet.DispatcherServlet [https-jsse-nio-8083-exec-5] Initializing Servlet 'dispatcherServlet'
2022-03-22 16:41:41,792 INFO org.springframework.web.servlet.DispatcherServlet [https-jsse-nio-8083-exec-5] Completed initialization in 6 ms
2022-03-22 16:41:41,850 INFO com.heiya.mobileapi.util.RemoteClientLogger [https-jsse-nio-8083-exec-5] >>>> API Request from IP Address : 0:0:0:0:0:0:0:1
2022-03-22 16:42:20,532 WARN org.springframework.web.servlet.mvc.support.DefaultHandlerExceptionResolver [https-jsse-nio-8083-exec-5] Resolved [org.springframework.web.HttpRequestMethodNotSupportedException: Request method 'GET' not supported]
2022-03-22 16:43:00,810 WARN org.springframework.web.servlet.mvc.support.DefaultHandlerExceptionResolver [https-jsse-nio-8083-exec-6] Resolved [org.springframework.web.HttpRequestMethodNotSupportedException: Request method 'GET' not supported]
2022-03-22 16:43:26,421 WARN org.springframework.web.servlet.mvc.support.DefaultHandlerExceptionResolver [https-jsse-nio-8083-exec-8] Resolved [org.springframework.web.HttpRequestMethodNotSupportedException: Request method 'GET' not supported]
2022-03-22 16:43:31,789 INFO com.heiya.mobileapi.util.RemoteClientLogger [https-jsse-nio-8083-exec-5] >>>> API Request from IP Address : 0:0:0:0:0:0:0:1
2022-03-22 16:43:49,689 WARN org.springframework.web.servlet.PageNotFound [https-jsse-nio-8083-exec-3] No mapping for GET /swagger-ui/index.html
2022-03-22 16:43:49,690 INFO com.heiya.mobileapi.util.RemoteClientLogger [https-jsse-nio-8083-exec-3] >>>> API Request from IP Address : 0:0:0:0:0:0:0:1
2022-03-22 16:43:49,781 WARN org.springframework.web.servlet.PageNotFound [https-jsse-nio-8083-exec-4] No mapping for GET /favicon.ico
2022-03-22 16:43:49,783 INFO com.heiya.mobileapi.util.RemoteClientLogger [https-jsse-nio-8083-exec-4] >>>> API Request from IP Address : 0:0:0:0:0:0:0:1
2022-03-22 16:43:59,867 WARN org.springframework.web.servlet.PageNotFound [https-jsse-nio-8083-exec-4] No mapping for GET /swagger-ui/
2022-03-22 16:43:59,869 INFO com.heiya.mobileapi.util.RemoteClientLogger [https-jsse-nio-8083-exec-4] >>>> API Request from IP Address : 0:0:0:0:0:0:0:1
2022-03-22 16:45:08,763 INFO com.heiya.mobileapi.util.RemoteClientLogger [https-jsse-nio-8083-exec-4] >>>> API Request from IP Address : 0:0:0:0:0:0:0:1
2022-03-22 16:45:08,809 INFO com.heiya.mobileapi.util.RemoteClientLogger [https-jsse-nio-8083-exec-2] >>>> API Request from IP Address : 0:0:0:0:0:0:0:1
2022-03-22 16:45:08,823 INFO com.heiya.mobileapi.util.RemoteClientLogger [https-jsse-nio-8083-exec-6] >>>> API Request from IP Address : 0:0:0:0:0:0:0:1
2022-03-22 16:45:08,823 INFO com.heiya.mobileapi.util.RemoteClientLogger [https-jsse-nio-8083-exec-10] >>>> API Request from IP Address : 0:0:0:0:0:0:0:1
2022-03-22 16:45:08,826 INFO com.heiya.mobileapi.util.RemoteClientLogger [https-jsse-nio-8083-exec-5] >>>> API Request from IP Address : 0:0:0:0:0:0:0:1
2022-03-22 16:45:08,841 INFO com.heiya.mobileapi.util.RemoteClientLogger [https-jsse-nio-8083-exec-8] >>>> API Request from IP Address : 0:0:0:0:0:0:0:1
2022-03-22 16:45:09,131 INFO com.heiya.mobileapi.util.RemoteClientLogger [https-jsse-nio-8083-exec-1] >>>> API Request from IP Address : 0:0:0:0:0:0:0:1
2022-03-22 16:45:09,133 INFO com.heiya.mobileapi.util.RemoteClientLogger [https-jsse-nio-8083-exec-7] >>>> API Request from IP Address : 0:0:0:0:0:0:0:1
2022-03-22 16:45:09,167 INFO com.heiya.mobileapi.util.RemoteClientLogger [https-jsse-nio-8083-exec-2] >>>> API Request from IP Address : 0:0:0:0:0:0:0:1
2022-03-22 16:45:09,184 INFO com.heiya.mobileapi.util.RemoteClientLogger [https-jsse-nio-8083-exec-9] >>>> API Request from IP Address : 0:0:0:0:0:0:0:1
2022-03-22 16:45:09,232 WARN org.springframework.web.servlet.PageNotFound [https-jsse-nio-8083-exec-4] No mapping for GET /
2022-03-22 16:45:09,234 INFO com.heiya.mobileapi.util.RemoteClientLogger [https-jsse-nio-8083-exec-4] >>>> API Request from IP Address : 0:0:0:0:0:0:0:1
2022-03-22 16:45:09,262 INFO com.heiya.mobileapi.util.RemoteClientLogger [https-jsse-nio-8083-exec-6] >>>> API Request from IP Address : 0:0:0:0:0:0:0:1
2022-03-22 16:45:09,264 WARN org.springframework.web.servlet.PageNotFound [https-jsse-nio-8083-exec-10] No mapping for GET /csrf
2022-03-22 16:45:09,266 INFO com.heiya.mobileapi.util.RemoteClientLogger [https-jsse-nio-8083-exec-10] >>>> API Request from IP Address : 0:0:0:0:0:0:0:1
2022-03-22 16:45:09,537 INFO com.heiya.mobileapi.util.RemoteClientLogger [https-jsse-nio-8083-exec-1] >>>> API Request from IP Address : 0:0:0:0:0:0:0:1
2022-03-22 16:45:09,537 INFO com.heiya.mobileapi.util.RemoteClientLogger [https-jsse-nio-8083-exec-2] >>>> API Request from IP Address : 0:0:0:0:0:0:0:1
2022-03-22 16:45:09,538 INFO com.heiya.mobileapi.util.RemoteClientLogger [https-jsse-nio-8083-exec-7] >>>> API Request from IP Address : 0:0:0:0:0:0:0:1
2022-03-22 16:45:34,246 WARN org.springframework.web.servlet.mvc.support.DefaultHandlerExceptionResolver [https-jsse-nio-8083-exec-5] Resolved [org.springframework.web.HttpRequestMethodNotSupportedException: Request method 'GET' not supported]
2022-03-22 16:45:34,249 INFO com.heiya.mobileapi.util.RemoteClientLogger [https-jsse-nio-8083-exec-5] >>>> API Request from IP Address : 0:0:0:0:0:0:0:1
2022-03-22 16:47:03,597 INFO com.heiya.mobileapi.HeiyaCustomerApplication [main] Starting HeiyaCustomerApplication on DESKTOP-I9M858L with PID 1208 (C:\Users\Khanza\Documents\NetBeansProjects\heiyacustomerapi\target\classes started by Khanza in C:\Users\Khanza\Documents\NetBeansProjects\heiyacustomerapi)
2022-03-22 16:47:03,600 DEBUG com.heiya.mobileapi.HeiyaCustomerApplication [main] Running with Spring Boot v2.2.5.RELEASE, Spring v5.2.4.RELEASE
2022-03-22 16:47:03,601 INFO com.heiya.mobileapi.HeiyaCustomerApplication [main] No active profile set, falling back to default profiles: default
2022-03-22 16:47:04,790 INFO org.springframework.data.repository.config.RepositoryConfigurationDelegate [main] Bootstrapping Spring Data JPA repositories in DEFAULT mode.
2022-03-22 16:47:04,986 INFO org.springframework.data.repository.config.RepositoryConfigurationDelegate [main] Finished Spring Data repository scanning in 184ms. Found 12 JPA repository interfaces.
2022-03-22 16:47:06,070 INFO org.springframework.boot.web.embedded.tomcat.TomcatWebServer [main] Tomcat initialized with port(s): 8083 (https)
2022-03-22 16:47:06,205 INFO org.springframework.web.context.ContextLoader [main] Root WebApplicationContext: initialization completed in 2542 ms
2022-03-22 16:47:07,930 INFO org.springframework.orm.jpa.LocalContainerEntityManagerFactoryBean [main] Initialized JPA EntityManagerFactory for persistence unit 'default'
2022-03-22 16:47:08,869 WARN org.springframework.boot.autoconfigure.orm.jpa.JpaBaseConfiguration$JpaWebConfiguration [main] spring.jpa.open-in-view is enabled by default. Therefore, database queries may be performed during view rendering. Explicitly configure spring.jpa.open-in-view to disable this warning
2022-03-22 16:47:09,497 INFO com.heiya.mobileapi.firebase.service.FCMInitializer [main] Firebase application has been initialized
2022-03-22 16:47:10,000 INFO com.heiya.mobileapi.config.SchedulerConfig [main] simpleJobTrigger
2022-03-22 16:47:10,014 INFO com.heiya.mobileapi.config.SchedulerConfig [main] 

>>>> Starting Jobs.... 


2022-03-22 16:47:10,172 INFO org.springframework.security.web.DefaultSecurityFilterChain [main] Creating filter chain: Ant [pattern='/v1/payment/xendit/status/callback'], []
2022-03-22 16:47:10,172 INFO org.springframework.security.web.DefaultSecurityFilterChain [main] Creating filter chain: Ant [pattern='/v1/payment/dana/status/callback'], []
2022-03-22 16:47:10,173 INFO org.springframework.security.web.DefaultSecurityFilterChain [main] Creating filter chain: Ant [pattern='/v1/payment/linkaja/status/callback'], []
2022-03-22 16:47:10,173 INFO org.springframework.security.web.DefaultSecurityFilterChain [main] Creating filter chain: Ant [pattern='/v1/payment/gopay/status/callback'], []
2022-03-22 16:47:10,233 INFO org.springframework.security.web.DefaultSecurityFilterChain [main] Creating filter chain: any request, [org.springframework.security.web.context.request.async.WebAsyncManagerIntegrationFilter@42a97053, org.springframework.security.web.context.SecurityContextPersistenceFilter@78ea700f, org.springframework.security.web.header.HeaderWriterFilter@1870b9b8, org.springframework.security.web.authentication.logout.LogoutFilter@30ed2a26, org.springframework.security.web.authentication.www.BasicAuthenticationFilter@5308e79d, org.springframework.security.web.savedrequest.RequestCacheAwareFilter@3b1137b0, org.springframework.security.web.servletapi.SecurityContextHolderAwareRequestFilter@23d23d98, org.springframework.security.web.authentication.AnonymousAuthenticationFilter@bc4a9b0, org.springframework.security.web.session.SessionManagementFilter@31c0c7e5, org.springframework.security.web.access.ExceptionTranslationFilter@344a065a, org.springframework.security.web.access.intercept.FilterSecurityInterceptor@2051a0ec]
2022-03-22 16:47:11,310 INFO org.springframework.scheduling.quartz.SchedulerFactoryBean [main] Starting Quartz Scheduler now
2022-03-22 16:47:11,363 INFO org.springframework.boot.autoconfigure.logging.ConditionEvaluationReportLoggingListener [main] 

Error starting ApplicationContext. To display the conditions report re-run your application with 'debug' enabled.
2022-03-22 16:47:11,365 ERROR org.springframework.boot.diagnostics.LoggingFailureAnalysisReporter [main] 

***************************
APPLICATION FAILED TO START
***************************

Description:

Web server failed to start. Port 8083 was already in use.

Action:

Identify and stop the process that's listening on port 8083 or configure this application to listen on another port.

2022-03-22 16:47:11,369 INFO org.springframework.scheduling.quartz.SchedulerFactoryBean [main] Shutting down Quartz Scheduler
2022-03-22 16:47:11,378 INFO org.springframework.orm.jpa.LocalContainerEntityManagerFactoryBean [main] Closing JPA EntityManagerFactory for persistence unit 'default'
2022-03-22 16:52:21,263 INFO com.heiya.mobileapi.HeiyaCustomerApplication [main] Starting HeiyaCustomerApplication on DESKTOP-I9M858L with PID 5044 (C:\Users\Khanza\Documents\NetBeansProjects\heiyacustomerapi\target\classes started by Khanza in C:\Users\Khanza\Documents\NetBeansProjects\heiyacustomerapi)
2022-03-22 16:52:21,267 DEBUG com.heiya.mobileapi.HeiyaCustomerApplication [main] Running with Spring Boot v2.2.5.RELEASE, Spring v5.2.4.RELEASE
2022-03-22 16:52:21,268 INFO com.heiya.mobileapi.HeiyaCustomerApplication [main] No active profile set, falling back to default profiles: default
2022-03-22 16:52:22,544 INFO org.springframework.data.repository.config.RepositoryConfigurationDelegate [main] Bootstrapping Spring Data JPA repositories in DEFAULT mode.
2022-03-22 16:52:22,716 INFO org.springframework.data.repository.config.RepositoryConfigurationDelegate [main] Finished Spring Data repository scanning in 161ms. Found 12 JPA repository interfaces.
2022-03-22 16:52:23,766 INFO org.springframework.boot.web.embedded.tomcat.TomcatWebServer [main] Tomcat initialized with port(s): 8083 (http)
2022-03-22 16:52:23,900 INFO org.springframework.web.context.ContextLoader [main] Root WebApplicationContext: initialization completed in 2567 ms
2022-03-22 16:52:25,646 INFO org.springframework.orm.jpa.LocalContainerEntityManagerFactoryBean [main] Initialized JPA EntityManagerFactory for persistence unit 'default'
2022-03-22 16:52:26,612 WARN org.springframework.boot.autoconfigure.orm.jpa.JpaBaseConfiguration$JpaWebConfiguration [main] spring.jpa.open-in-view is enabled by default. Therefore, database queries may be performed during view rendering. Explicitly configure spring.jpa.open-in-view to disable this warning
2022-03-22 16:52:27,250 INFO com.heiya.mobileapi.firebase.service.FCMInitializer [main] Firebase application has been initialized
2022-03-22 16:52:27,816 INFO com.heiya.mobileapi.config.SchedulerConfig [main] simpleJobTrigger
2022-03-22 16:52:27,836 INFO com.heiya.mobileapi.config.SchedulerConfig [main] 

>>>> Starting Jobs.... 


2022-03-22 16:52:28,001 INFO org.springframework.security.web.DefaultSecurityFilterChain [main] Creating filter chain: Ant [pattern='/v1/payment/xendit/status/callback'], []
2022-03-22 16:52:28,002 INFO org.springframework.security.web.DefaultSecurityFilterChain [main] Creating filter chain: Ant [pattern='/v1/payment/dana/status/callback'], []
2022-03-22 16:52:28,002 INFO org.springframework.security.web.DefaultSecurityFilterChain [main] Creating filter chain: Ant [pattern='/v1/payment/linkaja/status/callback'], []
2022-03-22 16:52:28,002 INFO org.springframework.security.web.DefaultSecurityFilterChain [main] Creating filter chain: Ant [pattern='/v1/payment/gopay/status/callback'], []
2022-03-22 16:52:28,053 INFO org.springframework.security.web.DefaultSecurityFilterChain [main] Creating filter chain: any request, [org.springframework.security.web.context.request.async.WebAsyncManagerIntegrationFilter@767b9d66, org.springframework.security.web.context.SecurityContextPersistenceFilter@141a10bf, org.springframework.security.web.header.HeaderWriterFilter@6a3e633a, org.springframework.security.web.authentication.logout.LogoutFilter@5065bdac, org.springframework.security.web.authentication.www.BasicAuthenticationFilter@5dc7391e, org.springframework.security.web.savedrequest.RequestCacheAwareFilter@5e34a84b, org.springframework.security.web.servletapi.SecurityContextHolderAwareRequestFilter@2431050d, org.springframework.security.web.authentication.AnonymousAuthenticationFilter@687fd6e, org.springframework.security.web.session.SessionManagementFilter@1bf10539, org.springframework.security.web.access.ExceptionTranslationFilter@77db231c, org.springframework.security.web.access.intercept.FilterSecurityInterceptor@612bb755]
2022-03-22 16:52:28,971 INFO org.springframework.scheduling.quartz.SchedulerFactoryBean [main] Starting Quartz Scheduler now
2022-03-22 16:52:29,017 INFO org.springframework.boot.web.embedded.tomcat.TomcatWebServer [main] Tomcat started on port(s): 8083 (http) with context path ''
2022-03-22 16:52:29,020 INFO com.heiya.mobileapi.HeiyaCustomerApplication [main] Started HeiyaCustomerApplication in 8.288 seconds (JVM running for 8.821)
2022-03-22 16:52:29,023 INFO com.heiya.mobileapi.HeiyaCustomerApplication [main] C:\Program Files\Java\jdk1.8.0_202\jre
2022-03-22 16:54:11,023 INFO org.springframework.web.servlet.DispatcherServlet [http-nio-8083-exec-1] Initializing Servlet 'dispatcherServlet'
2022-03-22 16:54:11,032 INFO org.springframework.web.servlet.DispatcherServlet [http-nio-8083-exec-1] Completed initialization in 9 ms
2022-03-22 16:57:31,126 INFO com.heiya.mobileapi.util.RemoteClientLogger [http-nio-8083-exec-9] >>>> API Request from IP Address : 0:0:0:0:0:0:0:1
2022-03-22 19:54:40,313 INFO com.heiya.mobileapi.HeiyaCustomerApplication [main] Starting HeiyaCustomerApplication on DESKTOP-I9M858L with PID 8752 (C:\Users\Khanza\Documents\NetBeansProjects\heiyacustomerapi\target\classes started by Khanza in C:\Users\Khanza\Documents\NetBeansProjects\heiyacustomerapi)
2022-03-22 19:54:40,317 DEBUG com.heiya.mobileapi.HeiyaCustomerApplication [main] Running with Spring Boot v2.2.5.RELEASE, Spring v5.2.4.RELEASE
2022-03-22 19:54:40,317 INFO com.heiya.mobileapi.HeiyaCustomerApplication [main] No active profile set, falling back to default profiles: default
2022-03-22 19:54:41,503 INFO org.springframework.data.repository.config.RepositoryConfigurationDelegate [main] Bootstrapping Spring Data JPA repositories in DEFAULT mode.
2022-03-22 19:54:41,688 INFO org.springframework.data.repository.config.RepositoryConfigurationDelegate [main] Finished Spring Data repository scanning in 174ms. Found 12 JPA repository interfaces.
2022-03-22 19:54:42,735 INFO org.springframework.boot.web.embedded.tomcat.TomcatWebServer [main] Tomcat initialized with port(s): 8083 (https)
2022-03-22 19:54:42,880 INFO org.springframework.web.context.ContextLoader [main] Root WebApplicationContext: initialization completed in 2507 ms
2022-03-22 19:54:46,388 INFO org.springframework.orm.jpa.LocalContainerEntityManagerFactoryBean [main] Initialized JPA EntityManagerFactory for persistence unit 'default'
2022-03-22 19:54:47,303 WARN org.springframework.boot.autoconfigure.orm.jpa.JpaBaseConfiguration$JpaWebConfiguration [main] spring.jpa.open-in-view is enabled by default. Therefore, database queries may be performed during view rendering. Explicitly configure spring.jpa.open-in-view to disable this warning
2022-03-22 19:54:47,959 INFO com.heiya.mobileapi.firebase.service.FCMInitializer [main] Firebase application has been initialized
2022-03-22 19:54:48,547 INFO com.heiya.mobileapi.config.SchedulerConfig [main] simpleJobTrigger
2022-03-22 19:54:48,566 INFO com.heiya.mobileapi.config.SchedulerConfig [main] 

>>>> Starting Jobs.... 


2022-03-22 19:54:48,735 INFO org.springframework.security.web.DefaultSecurityFilterChain [main] Creating filter chain: Ant [pattern='/v1/payment/xendit/status/callback'], []
2022-03-22 19:54:48,735 INFO org.springframework.security.web.DefaultSecurityFilterChain [main] Creating filter chain: Ant [pattern='/v1/payment/dana/status/callback'], []
2022-03-22 19:54:48,736 INFO org.springframework.security.web.DefaultSecurityFilterChain [main] Creating filter chain: Ant [pattern='/v1/payment/linkaja/status/callback'], []
2022-03-22 19:54:48,736 INFO org.springframework.security.web.DefaultSecurityFilterChain [main] Creating filter chain: Ant [pattern='/v1/payment/gopay/status/callback'], []
2022-03-22 19:54:48,788 INFO org.springframework.security.web.DefaultSecurityFilterChain [main] Creating filter chain: any request, [org.springframework.security.web.context.request.async.WebAsyncManagerIntegrationFilter@8bde368, org.springframework.security.web.context.SecurityContextPersistenceFilter@391e5ffa, org.springframework.security.web.header.HeaderWriterFilter@79ee779c, org.springframework.security.web.authentication.logout.LogoutFilter@29dfc68f, org.springframework.security.web.authentication.www.BasicAuthenticationFilter@9825465, org.springframework.security.web.savedrequest.RequestCacheAwareFilter@470b5213, org.springframework.security.web.servletapi.SecurityContextHolderAwareRequestFilter@5ccc971e, org.springframework.security.web.authentication.AnonymousAuthenticationFilter@5065bdac, org.springframework.security.web.session.SessionManagementFilter@3f2ef402, org.springframework.security.web.access.ExceptionTranslationFilter@153409b8, org.springframework.security.web.access.intercept.FilterSecurityInterceptor@75c0cd39]
2022-03-22 19:54:49,713 INFO org.springframework.scheduling.quartz.SchedulerFactoryBean [main] Starting Quartz Scheduler now
2022-03-22 19:54:50,111 INFO org.springframework.boot.autoconfigure.logging.ConditionEvaluationReportLoggingListener [main] 

Error starting ApplicationContext. To display the conditions report re-run your application with 'debug' enabled.
2022-03-22 19:54:50,115 ERROR org.springframework.boot.SpringApplication [main] Application run failed
org.springframework.boot.web.server.WebServerException: Unable to start embedded Tomcat server
	at org.springframework.boot.web.embedded.tomcat.TomcatWebServer.start(TomcatWebServer.java:215)
	at org.springframework.boot.web.servlet.context.ServletWebServerApplicationContext.startWebServer(ServletWebServerApplicationContext.java:297)
	at org.springframework.boot.web.servlet.context.ServletWebServerApplicationContext.finishRefresh(ServletWebServerApplicationContext.java:163)
	at org.springframework.context.support.AbstractApplicationContext.refresh(AbstractApplicationContext.java:553)
	at org.springframework.boot.web.servlet.context.ServletWebServerApplicationContext.refresh(ServletWebServerApplicationContext.java:141)
	at org.springframework.boot.SpringApplication.refresh(SpringApplication.java:747)
	at org.springframework.boot.SpringApplication.refreshContext(SpringApplication.java:397)
	at org.springframework.boot.SpringApplication.run(SpringApplication.java:315)
	at org.springframework.boot.SpringApplication.run(SpringApplication.java:1226)
	at org.springframework.boot.SpringApplication.run(SpringApplication.java:1215)
	at com.heiya.mobileapi.HeiyaCustomerApplication.main(HeiyaCustomerApplication.java:23)
Caused by: java.lang.IllegalArgumentException: standardService.connector.startFailed
	at org.apache.catalina.core.StandardService.addConnector(StandardService.java:231)
	at org.springframework.boot.web.embedded.tomcat.TomcatWebServer.addPreviouslyRemovedConnectors(TomcatWebServer.java:278)
	at org.springframework.boot.web.embedded.tomcat.TomcatWebServer.start(TomcatWebServer.java:197)
	... 10 common frames omitted
Caused by: org.apache.catalina.LifecycleException: Protocol handler start failed
	at org.apache.catalina.connector.Connector.startInternal(Connector.java:1038)
	at org.apache.catalina.util.LifecycleBase.start(LifecycleBase.java:183)
	at org.apache.catalina.core.StandardService.addConnector(StandardService.java:227)
	... 12 common frames omitted
Caused by: java.lang.IllegalArgumentException: keystore password was incorrect
	at org.apache.tomcat.util.net.AbstractJsseEndpoint.createSSLContext(AbstractJsseEndpoint.java:99)
	at org.apache.tomcat.util.net.AbstractJsseEndpoint.initialiseSsl(AbstractJsseEndpoint.java:71)
	at org.apache.tomcat.util.net.NioEndpoint.bind(NioEndpoint.java:217)
	at org.apache.tomcat.util.net.AbstractEndpoint.bindWithCleanup(AbstractEndpoint.java:1141)
	at org.apache.tomcat.util.net.AbstractEndpoint.start(AbstractEndpoint.java:1227)
	at org.apache.coyote.AbstractProtocol.start(AbstractProtocol.java:592)
	at org.apache.catalina.connector.Connector.startInternal(Connector.java:1035)
	... 14 common frames omitted
Caused by: java.io.IOException: keystore password was incorrect
	at sun.security.pkcs12.PKCS12KeyStore.engineLoad(PKCS12KeyStore.java:2059)
	at java.security.KeyStore.load(KeyStore.java:1445)
	at org.apache.tomcat.util.security.KeyStoreUtil.load(KeyStoreUtil.java:67)
	at org.apache.tomcat.util.net.SSLUtilBase.getStore(SSLUtilBase.java:217)
	at org.apache.tomcat.util.net.SSLHostConfigCertificate.getCertificateKeystore(SSLHostConfigCertificate.java:206)
	at org.apache.tomcat.util.net.SSLUtilBase.getKeyManagers(SSLUtilBase.java:283)
	at org.apache.tomcat.util.net.SSLUtilBase.createSSLContext(SSLUtilBase.java:247)
	at org.apache.tomcat.util.net.AbstractJsseEndpoint.createSSLContext(AbstractJsseEndpoint.java:97)
	... 20 common frames omitted
Caused by: java.security.UnrecoverableKeyException: failed to decrypt safe contents entry: javax.crypto.BadPaddingException: Given final block not properly padded. Such issues can arise if a bad key is used during decryption.
	... 28 common frames omitted
2022-03-22 19:54:50,127 INFO org.springframework.scheduling.quartz.SchedulerFactoryBean [main] Shutting down Quartz Scheduler
2022-03-22 19:54:50,137 INFO org.springframework.orm.jpa.LocalContainerEntityManagerFactoryBean [main] Closing JPA EntityManagerFactory for persistence unit 'default'
